C51 COMPILER V9.60.7.0   BEEP                                                              05/15/2026 10:37:13 PAGE 1   


C51 COMPILER V9.60.7.0, COMPILATION OF MODULE BEEP
OBJECT MODULE PLACED IN .\build\Target 1\.obj\__\project\beep.o
COMPILER INVOKED BY: E:\51\C51\BIN\C51.exe .\..\project\beep.c OMF2 TABS(4) CODE NOCOND SYMBOLS INCDIR(../C51/INC/Atmel;
                    -../C51/INC) DEFINE(__UVISION_VERSION=526) OPTIMIZE(8,SPEED) SMALL ROM(LARGE) PRINT(.\build\Target 1\.obj\__\project\beep
                    -.lst) OBJECT(.\build\Target 1\.obj\__\project\beep.o)

line level    source

   1          #include "beep.h"
   2          
   3          static void Beep_On(void)
   4          {
   5   1          GPIO_Set(PIN_BEEP, 0);
   6   1      }
   7          
   8          static void Beep_Off(void)
   9          {
  10   1          GPIO_Set(PIN_BEEP, 1);
  11   1      }
  12          
  13          BEEP_TypeDef Beep =
  14          {
  15              Beep_On ,   Beep_Off 
  16          };
  17          
  18          void Beep_Init(void)
  19          {
  20   1        Beep.Off();
  21   1      }
  22          
  23          void Beep_SoundOnce(void)
  24          {
  25   1          Beep.On();
  26   1          delay_ms(3000);
  27   1          Beep.Off();
  28   1      }
C51 COMPILER V9.60.7.0   BEEP                                                              05/15/2026 10:37:13 PAGE 2   

ASSEMBLY LISTING OF GENERATED OBJECT CODE


             ; FUNCTION Beep_On (BEGIN)
                                           ; SOURCE LINE # 3
                                           ; SOURCE LINE # 4
                                           ; SOURCE LINE # 5
0000 E4                CLR     A
0001 FD                MOV     R5,A
0002 7F02              MOV     R7,#02H
0004 020000      E     LJMP    _GPIO_Set
             ; FUNCTION Beep_On (END)

             ; FUNCTION Beep_Off (BEGIN)
                                           ; SOURCE LINE # 8
                                           ; SOURCE LINE # 9
                                           ; SOURCE LINE # 10
0000 7D01              MOV     R5,#01H
0002 7F02              MOV     R7,#02H
0004 020000      E     LJMP    _GPIO_Set
             ; FUNCTION Beep_Off (END)

             ; FUNCTION Beep_Init (BEGIN)
                                           ; SOURCE LINE # 18
                                           ; SOURCE LINE # 19
                                           ; SOURCE LINE # 20
0000 AA00        R     MOV     R2,Beep+04H
0002 A900        R     MOV     R1,Beep+05H
0004 020000      E     LJMP    ?C?ICALL
             ; FUNCTION Beep_Init (END)

             ; FUNCTION Beep_SoundOnce (BEGIN)
                                           ; SOURCE LINE # 23
                                           ; SOURCE LINE # 24
                                           ; SOURCE LINE # 25
0000 AA00        R     MOV     R2,Beep+01H
0002 A900        R     MOV     R1,Beep+02H
0004 120000      E     LCALL   ?C?ICALL
                                           ; SOURCE LINE # 26
0007 7FB8              MOV     R7,#0B8H
0009 7E0B              MOV     R6,#0BH
000B 120000      E     LCALL   _delay_ms
                                           ; SOURCE LINE # 27
000E AA00        R     MOV     R2,Beep+04H
0010 A900        R     MOV     R1,Beep+05H
0012 020000      E     LJMP    ?C?ICALL
             ; FUNCTION Beep_SoundOnce (END)

C51 COMPILER V9.60.7.0   BEEP                                                              05/15/2026 10:37:13 PAGE 3   

NAME                                    CLASS   MSPACE  TYPE    OFFSET  SIZE
====                                    =====   ======  ====    ======  ====


READ_I2C_START_STEP3 . . . . . . . . .  E_CONST  -----  U_CHAR   -----  1
READ_I2C_START_STEP4 . . . . . . . . .  E_CONST  -----  U_CHAR   -----  1
P0 . . . . . . . . . . . . . . . . . .  SFR      DATA   U_CHAR   0080H  1
READ_I2C_START_STEP5 . . . . . . . . .  E_CONST  -----  U_CHAR   -----  1
P1 . . . . . . . . . . . . . . . . . .  SFR      DATA   U_CHAR   0090H  1
READ_I2C_SEND_ADDRESS_STEP1. . . . . .  E_CONST  -----  U_CHAR   -----  1
P2 . . . . . . . . . . . . . . . . . .  SFR      DATA   U_CHAR   00A0H  1
READ_I2C_SEND_ADDRESS_STEP2. . . . . .  E_CONST  -----  U_CHAR   -----  1
P3 . . . . . . . . . . . . . . . . . .  SFR      DATA   U_CHAR   00B0H  1
READ_I2C_SEND_ADDRESS_STEP3. . . . . .  E_CONST  -----  U_CHAR   -----  1
T0 . . . . . . . . . . . . . . . . . .  ABSBIT   -----  BIT      00B4H  1
AC . . . . . . . . . . . . . . . . . .  ABSBIT   -----  BIT      00D6H  1
READ_I2C_SEND_ADDRESS_STEP4. . . . . .  E_CONST  -----  U_CHAR   -----  1
T1 . . . . . . . . . . . . . . . . . .  ABSBIT   -----  BIT      00B5H  1
T2 . . . . . . . . . . . . . . . . . .  ABSBIT   -----  BIT      0090H  1
EA . . . . . . . . . . . . . . . . . .  ABSBIT   -----  BIT      00AFH  1
IE . . . . . . . . . . . . . . . . . .  SFR      DATA   U_CHAR   00A8H  1
EXF2 . . . . . . . . . . . . . . . . .  ABSBIT   -----  BIT      00CEH  1
RD . . . . . . . . . . . . . . . . . .  ABSBIT   -----  BIT      00B7H  1
READ_I2C_SEND_NACK_STEP1 . . . . . . .  E_CONST  -----  U_CHAR   -----  1
READ_I2C_SEND_NACK_STEP2 . . . . . . .  E_CONST  -----  U_CHAR   -----  1
ES . . . . . . . . . . . . . . . . . .  ABSBIT   -----  BIT      00ACH  1
READ_I2C_SEND_NACK_STEP3 . . . . . . .  E_CONST  -----  U_CHAR   -----  1
IP . . . . . . . . . . . . . . . . . .  SFR      DATA   U_CHAR   00B8H  1
Aht20_I2C_Read_State_Typedef . . . . .  TYPEDEF  -----  U_CHAR   -----  1
READ_I2C_SEND_NACK_STEP4 . . . . . . .  E_CONST  -----  U_CHAR   -----  1
READ_I2C_RE_RECEIVE_ACK_STEP1. . . . .  E_CONST  -----  U_CHAR   -----  1
RI . . . . . . . . . . . . . . . . . .  ABSBIT   -----  BIT      0098H  1
Beep_On. . . . . . . . . . . . . . . .  STATIC   CODE   PROC     0000H  -----
READ_I2C_RE_RECEIVE_ACK_STEP2. . . . .  E_CONST  -----  U_CHAR   -----  1
INT0 . . . . . . . . . . . . . . . . .  ABSBIT   -----  BIT      00B2H  1
CY . . . . . . . . . . . . . . . . . .  ABSBIT   -----  BIT      00D7H  1
READ_I2C_RE_RECEIVE_ACK_STEP3. . . . .  E_CONST  -----  U_CHAR   -----  1
TI . . . . . . . . . . . . . . . . . .  ABSBIT   -----  BIT      0099H  1
INT1 . . . . . . . . . . . . . . . . .  ABSBIT   -----  BIT      00B3H  1
PIN_SDA. . . . . . . . . . . . . . . .  E_CONST  -----  U_CHAR   -----  1
RCAP2H . . . . . . . . . . . . . . . .  SFR      DATA   U_CHAR   00CBH  1
READ_I2C_RECEIVE_ACK_STEP1 . . . . . .  E_CONST  -----  U_CHAR   -----  1
PS . . . . . . . . . . . . . . . . . .  ABSBIT   -----  BIT      00BCH  1
SP . . . . . . . . . . . . . . . . . .  SFR      DATA   U_CHAR   0081H  1
READ_I2C_RECEIVE_ACK_STEP2 . . . . . .  E_CONST  -----  U_CHAR   -----  1
T2EX . . . . . . . . . . . . . . . . .  ABSBIT   -----  BIT      0091H  1
READ_I2C_RECEIVE_ACK_STEP3 . . . . . .  E_CONST  -----  U_CHAR   -----  1
OV . . . . . . . . . . . . . . . . . .  ABSBIT   -----  BIT      00D2H  1
RCAP2L . . . . . . . . . . . . . . . .  SFR      DATA   U_CHAR   00CAH  1
C_T2 . . . . . . . . . . . . . . . . .  ABSBIT   -----  BIT      00C9H  1
WR . . . . . . . . . . . . . . . . . .  ABSBIT   -----  BIT      00B6H  1
PIN_SCL. . . . . . . . . . . . . . . .  E_CONST  -----  U_CHAR   -----  1
Pin_ID_TypeDef . . . . . . . . . . . .  TYPEDEF  -----  U_CHAR   -----  1
RCLK . . . . . . . . . . . . . . . . .  ABSBIT   -----  BIT      00CDH  1
TCLK . . . . . . . . . . . . . . . . .  ABSBIT   -----  BIT      00CCH  1
SBUF . . . . . . . . . . . . . . . . .  SFR      DATA   U_CHAR   0099H  1
PCON . . . . . . . . . . . . . . . . .  SFR      DATA   U_CHAR   0087H  1
BEEP_TypeDef . . . . . . . . . . . . .  TYPEDEF  -----  STRUCT   -----  6
  On . . . . . . . . . . . . . . . . .  MEMBER   -----  PTR      0000H  3
  Off. . . . . . . . . . . . . . . . .  MEMBER   -----  PTR      0003H  3
READ_I2C_STOP_STEP1. . . . . . . . . .  E_CONST  -----  U_CHAR   -----  1
C51 COMPILER V9.60.7.0   BEEP                                                              05/15/2026 10:37:13 PAGE 4   

NAME                                    CLASS   MSPACE  TYPE    OFFSET  SIZE
====                                    =====   ======  ====    ======  ====


SCON . . . . . . . . . . . . . . . . .  SFR      DATA   U_CHAR   0098H  1
READ_I2C_STOP_STEP2. . . . . . . . . .  E_CONST  -----  U_CHAR   -----  1
TMOD . . . . . . . . . . . . . . . . .  SFR      DATA   U_CHAR   0089H  1
TCON . . . . . . . . . . . . . . . . .  SFR      DATA   U_CHAR   0088H  1
READ_I2C_STOP_STEP3. . . . . . . . . .  E_CONST  -----  U_CHAR   -----  1
READ_I2C_IDLE. . . . . . . . . . . . .  E_CONST  -----  U_CHAR   -----  1
_GPIO_Set. . . . . . . . . . . . . . .  EXTERN   CODE   PROC     -----  -----
IE0. . . . . . . . . . . . . . . . . .  ABSBIT   -----  BIT      0089H  1
IE1. . . . . . . . . . . . . . . . . .  ABSBIT   -----  BIT      008BH  1
B. . . . . . . . . . . . . . . . . . .  SFR      DATA   U_CHAR   00F0H  1
CP_RL2 . . . . . . . . . . . . . . . .  ABSBIT   -----  BIT      00C8H  1
ACC. . . . . . . . . . . . . . . . . .  SFR      DATA   U_CHAR   00E0H  1
READ_I2C_SEND_ACK_STEP1. . . . . . . .  E_CONST  -----  U_CHAR   -----  1
READ_I2C_SEND_ACK_STEP2. . . . . . . .  E_CONST  -----  U_CHAR   -----  1
ET0. . . . . . . . . . . . . . . . . .  ABSBIT   -----  BIT      00A9H  1
READ_I2C_SEND_ACK_STEP3. . . . . . . .  E_CONST  -----  U_CHAR   -----  1
ET1. . . . . . . . . . . . . . . . . .  ABSBIT   -----  BIT      00ABH  1
TF0. . . . . . . . . . . . . . . . . .  ABSBIT   -----  BIT      008DH  1
READ_I2C_SEND_ACK_STEP4. . . . . . . .  E_CONST  -----  U_CHAR   -----  1
ET2. . . . . . . . . . . . . . . . . .  ABSBIT   -----  BIT      00ADH  1
TF1. . . . . . . . . . . . . . . . . .  ABSBIT   -----  BIT      008FH  1
READ_I2C_SEND_ACK_STEP5. . . . . . . .  E_CONST  -----  U_CHAR   -----  1
TF2. . . . . . . . . . . . . . . . . .  ABSBIT   -----  BIT      00CFH  1
RB8. . . . . . . . . . . . . . . . . .  ABSBIT   -----  BIT      009AH  1
TH0. . . . . . . . . . . . . . . . . .  SFR      DATA   U_CHAR   008CH  1
EX0. . . . . . . . . . . . . . . . . .  ABSBIT   -----  BIT      00A8H  1
IT0. . . . . . . . . . . . . . . . . .  ABSBIT   -----  BIT      0088H  1
TH1. . . . . . . . . . . . . . . . . .  SFR      DATA   U_CHAR   008DH  1
TB8. . . . . . . . . . . . . . . . . .  ABSBIT   -----  BIT      009BH  1
EX1. . . . . . . . . . . . . . . . . .  ABSBIT   -----  BIT      00AAH  1
IT1. . . . . . . . . . . . . . . . . .  ABSBIT   -----  BIT      008AH  1
TH2. . . . . . . . . . . . . . . . . .  SFR      DATA   U_CHAR   00CDH  1
P. . . . . . . . . . . . . . . . . . .  ABSBIT   -----  BIT      00D0H  1
SM0. . . . . . . . . . . . . . . . . .  ABSBIT   -----  BIT      009FH  1
TL0. . . . . . . . . . . . . . . . . .  SFR      DATA   U_CHAR   008AH  1
SM1. . . . . . . . . . . . . . . . . .  ABSBIT   -----  BIT      009EH  1
TL1. . . . . . . . . . . . . . . . . .  SFR      DATA   U_CHAR   008BH  1
SM2. . . . . . . . . . . . . . . . . .  ABSBIT   -----  BIT      009DH  1
TL2. . . . . . . . . . . . . . . . . .  SFR      DATA   U_CHAR   00CCH  1
_delay_ms. . . . . . . . . . . . . . .  EXTERN   CODE   PROC     -----  -----
PT0. . . . . . . . . . . . . . . . . .  ABSBIT   -----  BIT      00B9H  1
PT1. . . . . . . . . . . . . . . . . .  ABSBIT   -----  BIT      00BBH  1
RS0. . . . . . . . . . . . . . . . . .  ABSBIT   -----  BIT      00D3H  1
PT2. . . . . . . . . . . . . . . . . .  ABSBIT   -----  BIT      00BDH  1
TR0. . . . . . . . . . . . . . . . . .  ABSBIT   -----  BIT      008CH  1
RS1. . . . . . . . . . . . . . . . . .  ABSBIT   -----  BIT      00D4H  1
TR1. . . . . . . . . . . . . . . . . .  ABSBIT   -----  BIT      008EH  1
TR2. . . . . . . . . . . . . . . . . .  ABSBIT   -----  BIT      00CAH  1
PX0. . . . . . . . . . . . . . . . . .  ABSBIT   -----  BIT      00B8H  1
PX1. . . . . . . . . . . . . . . . . .  ABSBIT   -----  BIT      00BAH  1
DPH. . . . . . . . . . . . . . . . . .  SFR      DATA   U_CHAR   0083H  1
DPL. . . . . . . . . . . . . . . . . .  SFR      DATA   U_CHAR   0082H  1
EXEN2. . . . . . . . . . . . . . . . .  ABSBIT   -----  BIT      00CBH  1
PIN_BEEP . . . . . . . . . . . . . . .  E_CONST  -----  U_CHAR   -----  1
REN. . . . . . . . . . . . . . . . . .  ABSBIT   -----  BIT      009CH  1
T2CON. . . . . . . . . . . . . . . . .  SFR      DATA   U_CHAR   00C8H  1
RXD. . . . . . . . . . . . . . . . . .  ABSBIT   -----  BIT      00B0H  1
C51 COMPILER V9.60.7.0   BEEP                                                              05/15/2026 10:37:13 PAGE 5   

NAME                                    CLASS   MSPACE  TYPE    OFFSET  SIZE
====                                    =====   ======  ====    ======  ====


TXD. . . . . . . . . . . . . . . . . .  ABSBIT   -----  BIT      00B1H  1
Beep_SoundOnce . . . . . . . . . . . .  PUBLIC   CODE   PROC     0000H  -----
READ_I2C_RECEIVE_STEP1 . . . . . . . .  E_CONST  -----  U_CHAR   -----  1
READ_I2C_RECEIVE_STEP2 . . . . . . . .  E_CONST  -----  U_CHAR   -----  1
Beep_Init. . . . . . . . . . . . . . .  PUBLIC   CODE   PROC     0000H  -----
READ_I2C_RECEIVE_STEP3 . . . . . . . .  E_CONST  -----  U_CHAR   -----  1
READ_I2C_RE_START_STEP1. . . . . . . .  E_CONST  -----  U_CHAR   -----  1
READ_I2C_RE_START_STEP2. . . . . . . .  E_CONST  -----  U_CHAR   -----  1
F0 . . . . . . . . . . . . . . . . . .  ABSBIT   -----  BIT      00D5H  1
READ_I2C_RE_START_STEP3. . . . . . . .  E_CONST  -----  U_CHAR   -----  1
READ_I2C_RE_START_STEP4. . . . . . . .  E_CONST  -----  U_CHAR   -----  1
READ_I2C_RE_START_STEP5. . . . . . . .  E_CONST  -----  U_CHAR   -----  1
READ_I2C_RE_SEND_ADDRESS_STEP1 . . . .  E_CONST  -----  U_CHAR   -----  1
Beep_Off . . . . . . . . . . . . . . .  STATIC   CODE   PROC     0000H  -----
READ_I2C_RE_SEND_ADDRESS_STEP2 . . . .  E_CONST  -----  U_CHAR   -----  1
PSW. . . . . . . . . . . . . . . . . .  SFR      DATA   U_CHAR   00D0H  1
READ_I2C_RE_SEND_ADDRESS_STEP3 . . . .  E_CONST  -----  U_CHAR   -----  1
READ_I2C_RE_SEND_ADDRESS_STEP4 . . . .  E_CONST  -----  U_CHAR   -----  1
READ_I2C_START_STEP1 . . . . . . . . .  E_CONST  -----  U_CHAR   -----  1
Beep . . . . . . . . . . . . . . . . .  PUBLIC   DATA   STRUCT   0000H  6
READ_I2C_RE_SEND_ADDRESS_STEP5 . . . .  E_CONST  -----  U_CHAR   -----  1
READ_I2C_START_STEP2 . . . . . . . . .  E_CONST  -----  U_CHAR   -----  1


MODULE INFORMATION:   STATIC OVERLAYABLE
   CODE SIZE        =     42    ----
   CONSTANT SIZE    =   ----    ----
   XDATA SIZE       =   ----    ----
   PDATA SIZE       =   ----    ----
   DATA SIZE        =      6    ----
   IDATA SIZE       =   ----    ----
   BIT SIZE         =   ----    ----
   EDATA SIZE       =   ----    ----
   HDATA SIZE       =   ----    ----
   XDATA CONST SIZE =   ----    ----
   FAR CONST SIZE   =   ----    ----
END OF MODULE INFORMATION.


C51 COMPILATION COMPLETE.  0 WARNING(S),  0 ERROR(S)
