C51 COMPILER V9.60.7.0   PLATFORM                                                          05/15/2026 10:37:13 PAGE 1   


C51 COMPILER V9.60.7.0, COMPILATION OF MODULE PLATFORM
OBJECT MODULE PLACED IN .\build\Target 1\.obj\__\project\platform.o
COMPILER INVOKED BY: E:\51\C51\BIN\C51.exe .\..\project\platform.c OMF2 TABS(4) CODE NOCOND SYMBOLS INCDIR(../C51/INC/At
                    -mel;../C51/INC) DEFINE(__UVISION_VERSION=526) OPTIMIZE(8,SPEED) SMALL ROM(LARGE) PRINT(.\build\Target 1\.obj\__\project\
                    -platform.lst) OBJECT(.\build\Target 1\.obj\__\project\platform.o)

line level    source

   1          #include "platform.h"
   2          
   3          volatile unsigned long system_tick = 0;
   4          unsigned long now ;
   5          
   6          //==================== AT24C0C 设备结构体封装 ====================//
   7          typedef struct 
   8          {
   9              unsigned long        IIC_Wait_Tick;
  10              unsigned char        *IIC_Tx_Buffer;
  11              unsigned char        *IIC_Tx_Buffer_Adress;
  12              unsigned char        IIC_Tx_Buffer_Long;
  13               unsigned char        IIC_Tx_Buffer_Precondition_Long;
  14              unsigned char        *IIC_Rx_Buffer_Adress;    // 读缓存指针
  15                unsigned char      *IIC_Rx_Buffer;    // 读缓存指针
  16              unsigned char        IIC_Rx_Buffer_Long; // 读长度
  17              unsigned char        IIC_Rx_Buffer_Precondition_Long;
  18              unsigned char        iic_bit_cnt;
  19              unsigned char        ack;
  20              unsigned char       IIC_Write_Complete ;
  21              unsigned char       IIC_Read_Complete ;
  22              At24c02_I2C_Write_State_Typedef   Write_State;
*** ERROR C141 IN LINE 22 OF .\..\project\platform.c: syntax error near 'At24c02_I2C_Write_State_Typedef', expected 'bit
             -'
*** ERROR C129 IN LINE 22 OF .\..\project\platform.c: missing ';' before 'Write_State'
  23              At24c02_I2C_Read_State_Typedef    Read_State;
  24          } AT24C0C_TypeDef;
  25          
  26          // 静态实例 + C51 老式顺序初始化，指针用0
  27          static AT24C0C_TypeDef AT24C0C_Write = {
  28              0
  29          };
  30          static AT24C0C_TypeDef AT24C0C_Read = {
  31              0
  32          };
  33          //=================================================================
  34          
  35          #define IIC_DELAY_5US 5
  36          #define IIC_DELAY_3US 3
  37          
  38          sbit IO_OLED_SCL = P1^0;
  39          sbit IO_OLED_SDA = P1^1;
  40          sbit IO_BEEP     = P1^5;
  41          
  42          
  43          void GPIO_Set(Pin_ID_TypeDef pin, unsigned char state)
  44          {
  45              switch (pin)
  46              {
  47                  case PIN_OLED_SCL:
  48                      IO_OLED_SCL = state;
  49                      break;
  50                  case PIN_OLED_SDA:
C51 COMPILER V9.60.7.0   PLATFORM                                                          05/15/2026 10:37:13 PAGE 2   

  51                      IO_OLED_SDA = state;
  52                      break;
  53                  case PIN_BEEP:
  54                      IO_BEEP = state;
  55                      break;
  56                  default:
  57                      break;
  58              }
  59          }
  60          
  61          bit GPIO_Get(Pin_ID_TypeDef pin)
  62          {
  63              switch (pin)
  64              {
  65                  case PIN_OLED_SDA:
  66                      return IO_OLED_SDA;
  67                  default:
  68                      return 0;
  69              }
  70          }
  71          
  72          void Timer0_SysTick_Init(void)
  73          {
  74              TMOD |= 0x01;   // Timer0 模式1 16位
  75              // 1us 重装初值
  76              TH0 = 0xFF;
  77              TL0 = 0xFF;
  78          
  79              ET0 = 1;    // 使能定时器0中断
  80              TR0 = 1;    // 启动定时器
  81              EA  = 1;    // 开总中断
  82          }
  83          
  84          void Timer0_ISR(void) interrupt 1
  85          {
  86              // 重装1us初值
  87              TH0 = 0xFF;
  88              TL0 = 0xFF;
  89              system_tick++;  // 全局时间+1
  90          }
  91          
  92          unsigned long time_get_us(void)
  93          {
  94              return system_tick;
  95          }
  96          
  97          void Platform_UART_Init(void)
  98          {
  99              SCON = 0x50;    // 51专属
 100              TMOD |= 0x20;
 101              TH1 = 0xFD;
 102              TL1 = 0xFD;
 103              
 104              TR1 = 1;
 105                  
 106              ES = 1;
 107              EA = 1;
 108          }
 109          
 110          void Platform_UART_SendByte(unsigned char dat)
 111          {
 112              SBUF = dat;
C51 COMPILER V9.60.7.0   PLATFORM                                                          05/15/2026 10:37:13 PAGE 3   

 113              while(!TI);
 114              TI = 0;
 115          }
 116          
 117          
 118          

C51 COMPILATION COMPLETE.  0 WARNING(S),  2 ERROR(S)
