C51 COMPILER V9.60.7.0   AHT20                                                             05/28/2026 14:18:52 PAGE 1   


C51 COMPILER V9.60.7.0, COMPILATION OF MODULE AHT20
OBJECT MODULE PLACED IN .\build\Target 1\.obj\AHT20.o
COMPILER INVOKED BY: E:\51\C51\BIN\C51.exe .\AHT20.c OMF2 TABS(4) CODE NOCOND SYMBOLS INCDIR(../C51/INC/Atmel;../C51/INC
                    -) DEFINE(__UVISION_VERSION=526) OPTIMIZE(8,SPEED) SMALL ROM(LARGE) PRINT(.\build\Target 1\.obj\AHT20.lst) OBJECT(.\build
                    -\Target 1\.obj\AHT20.o)

line level    source

   1          #include "AHT20.h"
   2          
   3          void DRIVE_Aht20_Standard_IIC_Read_Address_Change(unsigned char *adress,unsigned char *re_adress,unsigned 
             -char *dat)reentrant
   4          {
   5   1          Platform_Aht20_Standard_IIC_Read_Address(adress,re_adress,dat);
   6   1      }
   7          
   8          void DRIVE_Aht20_Standard_IIC_Read_Task_Change(void)
   9          {
  10   1          Platform_Aht20_Standard_IIC_Read_Task();
  11   1      }
  12          
  13          AHT20_TypeDef Aht20 = {DRIVE_Aht20_Standard_IIC_Read_Address_Change,DRIVE_Aht20_Standard_IIC_Read_Task_Cha
             -nge} ;
  14          
  15          void APPLICATION_Aht20_Standard_IIC_Read_Address(unsigned char *adress,unsigned char *re_adress,unsigned c
             -har *dat)
  16          {
  17   1          Aht20.DRIVE_Aht20_Standard_IIC_Read_Address(adress,re_adress,dat);
  18   1      }
  19          
  20          void APPLICATION_Aht20_Standard_IIC_Read_Task(void)
  21          {
  22   1          Aht20.DRIVE_Aht20_Standard_IIC_Read_Task();
  23   1      }
C51 COMPILER V9.60.7.0   AHT20                                                             05/28/2026 14:18:52 PAGE 2   

ASSEMBLY LISTING OF GENERATED OBJECT CODE


             ; FUNCTION _?DRIVE_Aht20_Standard_IIC_Read_Address_Change (BEGIN)
                                           ; SOURCE LINE # 3
0000 1500        E     DEC     ?C_IBP
0002 1500        E     DEC     ?C_IBP
0004 1500        E     DEC     ?C_IBP
0006 A800        E     MOV     R0,?C_IBP
0008 A603              MOV     @R0,AR3
000A 08                INC     R0
000B A602              MOV     @R0,AR2
000D 08                INC     R0
000E A601              MOV     @R0,AR1
                                           ; SOURCE LINE # 5
0010 A800        E     MOV     R0,?C_IBP
0012 8603              MOV     AR3,@R0
0014 08                INC     R0
0015 E6                MOV     A,@R0
0016 FA                MOV     R2,A
0017 08                INC     R0
0018 E6                MOV     A,@R0
0019 F9                MOV     R1,A
001A C003              PUSH    AR3
001C C002              PUSH    AR2
001E E500        E     MOV     A,?C_IBP
0020 2403              ADD     A,#03H
0022 F8                MOV     R0,A
0023 8603              MOV     AR3,@R0
0025 08                INC     R0
0026 E6                MOV     A,@R0
0027 FA                MOV     R2,A
0028 08                INC     R0
0029 E6                MOV     A,@R0
002A 8B00        E     MOV     ?_Platform_Aht20_Standard_IIC_Read_Address?BYTE+03H,R3
002C 8A00        E     MOV     ?_Platform_Aht20_Standard_IIC_Read_Address?BYTE+04H,R2
002E F500        E     MOV     ?_Platform_Aht20_Standard_IIC_Read_Address?BYTE+05H,A
0030 E500        E     MOV     A,?C_IBP
0032 2406              ADD     A,#06H
0034 F8                MOV     R0,A
0035 8603              MOV     AR3,@R0
0037 08                INC     R0
0038 E6                MOV     A,@R0
0039 FA                MOV     R2,A
003A 08                INC     R0
003B E6                MOV     A,@R0
003C 8B00        E     MOV     ?_Platform_Aht20_Standard_IIC_Read_Address?BYTE+06H,R3
003E 8A00        E     MOV     ?_Platform_Aht20_Standard_IIC_Read_Address?BYTE+07H,R2
0040 F500        E     MOV     ?_Platform_Aht20_Standard_IIC_Read_Address?BYTE+08H,A
0042 D002              POP     AR2
0044 D003              POP     AR3
0046 120000      E     LCALL   _Platform_Aht20_Standard_IIC_Read_Address
                                           ; SOURCE LINE # 6
0049 E500        E     MOV     A,?C_IBP
004B 2409              ADD     A,#09H
004D F500        E     MOV     ?C_IBP,A
004F 22                RET     
             ; FUNCTION _?DRIVE_Aht20_Standard_IIC_Read_Address_Change (END)

             ; FUNCTION DRIVE_Aht20_Standard_IIC_Read_Task_Change (BEGIN)
                                           ; SOURCE LINE # 8
                                           ; SOURCE LINE # 9
C51 COMPILER V9.60.7.0   AHT20                                                             05/28/2026 14:18:52 PAGE 3   

                                           ; SOURCE LINE # 10
0000 020000      E     LJMP    Platform_Aht20_Standard_IIC_Read_Task
             ; FUNCTION DRIVE_Aht20_Standard_IIC_Read_Task_Change (END)

             ; FUNCTION _APPLICATION_Aht20_Standard_IIC_Read_Address (BEGIN)
                                           ; SOURCE LINE # 15
0000 8B00        R     MOV     adress,R3
0002 8A00        R     MOV     adress+01H,R2
0004 8900        R     MOV     adress+02H,R1
                                           ; SOURCE LINE # 16
                                           ; SOURCE LINE # 17
0006 AA00        R     MOV     R2,dat+01H
0008 A900        R     MOV     R1,dat+02H
000A 1500        E     DEC     ?C_IBP
000C 1500        E     DEC     ?C_IBP
000E 1500        E     DEC     ?C_IBP
0010 A800        E     MOV     R0,?C_IBP
0012 A600        R     MOV     @R0,dat
0014 08                INC     R0
0015 A602              MOV     @R0,AR2
0017 08                INC     R0
0018 A601              MOV     @R0,AR1
001A AA00        R     MOV     R2,re_adress+01H
001C A900        R     MOV     R1,re_adress+02H
001E 1500        E     DEC     ?C_IBP
0020 1500        E     DEC     ?C_IBP
0022 1500        E     DEC     ?C_IBP
0024 A800        E     MOV     R0,?C_IBP
0026 A600        R     MOV     @R0,re_adress
0028 08                INC     R0
0029 A602              MOV     @R0,AR2
002B 08                INC     R0
002C A601              MOV     @R0,AR1
002E AB00        R     MOV     R3,adress
0030 AA00        R     MOV     R2,adress+01H
0032 A900        R     MOV     R1,adress+02H
0034 850082      R     MOV     DPL,Aht20+02H
0037 850083      R     MOV     DPH,Aht20+01H
003A 020000      E     LJMP    ?C?ICALL2
             ; FUNCTION _APPLICATION_Aht20_Standard_IIC_Read_Address (END)

             ; FUNCTION APPLICATION_Aht20_Standard_IIC_Read_Task (BEGIN)
                                           ; SOURCE LINE # 20
                                           ; SOURCE LINE # 21
                                           ; SOURCE LINE # 22
0000 AA00        R     MOV     R2,Aht20+04H
0002 A900        R     MOV     R1,Aht20+05H
0004 020000      E     LJMP    ?C?ICALL
             ; FUNCTION APPLICATION_Aht20_Standard_IIC_Read_Task (END)

C51 COMPILER V9.60.7.0   AHT20                                                             05/28/2026 14:18:52 PAGE 4   

NAME                                    CLASS   MSPACE  TYPE    OFFSET  SIZE
====                                    =====   ======  ====    ======  ====


READ_I2C_START_STEP3 . . . . . . . . .  E_CONST  -----  U_CHAR   -----  1
P0 . . . . . . . . . . . . . . . . . .  SFR      DATA   U_CHAR   0080H  1
Aht20. . . . . . . . . . . . . . . . .  PUBLIC   DATA   STRUCT   0000H  6
P1 . . . . . . . . . . . . . . . . . .  SFR      DATA   U_CHAR   0090H  1
READ_I2C_SEND_ADDRESS_STEP1. . . . . .  E_CONST  -----  U_CHAR   -----  1
P2 . . . . . . . . . . . . . . . . . .  SFR      DATA   U_CHAR   00A0H  1
READ_I2C_EVENT_RE_ADDRESS. . . . . . .  E_CONST  -----  U_CHAR   -----  1
READ_I2C_SEND_ADDRESS_STEP2. . . . . .  E_CONST  -----  U_CHAR   -----  1
P3 . . . . . . . . . . . . . . . . . .  SFR      DATA   U_CHAR   00B0H  1
_Platform_Aht20_Standard_IIC_Read_Addr  EXTERN   CODE   PROC     -----  -----
READ_I2C_EVENT_RECEIVE_DATA. . . . . .  E_CONST  -----  U_CHAR   -----  1
READ_I2C_SEND_ADDRESS_STEP3. . . . . .  E_CONST  -----  U_CHAR   -----  1
T0 . . . . . . . . . . . . . . . . . .  ABSBIT   -----  BIT      00B4H  1
AC . . . . . . . . . . . . . . . . . .  ABSBIT   -----  BIT      00D6H  1
READ_I2C_SEND_ADDRESS_STEP4. . . . . .  E_CONST  -----  U_CHAR   -----  1
T1 . . . . . . . . . . . . . . . . . .  ABSBIT   -----  BIT      00B5H  1
T2 . . . . . . . . . . . . . . . . . .  ABSBIT   -----  BIT      0090H  1
EA . . . . . . . . . . . . . . . . . .  ABSBIT   -----  BIT      00AFH  1
READ_I2C_EVENT_RE_START. . . . . . . .  E_CONST  -----  U_CHAR   -----  1
READ_I2C_EVENT_ADDRESS . . . . . . . .  E_CONST  -----  U_CHAR   -----  1
IE . . . . . . . . . . . . . . . . . .  SFR      DATA   U_CHAR   00A8H  1
READ_I2C_EVENT_START . . . . . . . . .  E_CONST  -----  U_CHAR   -----  1
EXF2 . . . . . . . . . . . . . . . . .  ABSBIT   -----  BIT      00CEH  1
RD . . . . . . . . . . . . . . . . . .  ABSBIT   -----  BIT      00B7H  1
READ_I2C_SEND_NACK_STEP1 . . . . . . .  E_CONST  -----  U_CHAR   -----  1
READ_I2C_SEND_NACK_STEP2 . . . . . . .  E_CONST  -----  U_CHAR   -----  1
ES . . . . . . . . . . . . . . . . . .  ABSBIT   -----  BIT      00ACH  1
READ_I2C_SEND_NACK_STEP3 . . . . . . .  E_CONST  -----  U_CHAR   -----  1
IP . . . . . . . . . . . . . . . . . .  SFR      DATA   U_CHAR   00B8H  1
Aht20_I2C_Read_State_Typedef . . . . .  TYPEDEF  -----  U_CHAR   -----  1
READ_I2C_SEND_NACK_STEP4 . . . . . . .  E_CONST  -----  U_CHAR   -----  1
Aht20_I2C_Read_Event_Typedef . . . . .  TYPEDEF  -----  U_CHAR   -----  1
READ_I2C_RE_RECEIVE_ACK_STEP1. . . . .  E_CONST  -----  U_CHAR   -----  1
RI . . . . . . . . . . . . . . . . . .  ABSBIT   -----  BIT      0098H  1
READ_I2C_RE_RECEIVE_ACK_STEP2. . . . .  E_CONST  -----  U_CHAR   -----  1
INT0 . . . . . . . . . . . . . . . . .  ABSBIT   -----  BIT      00B2H  1
CY . . . . . . . . . . . . . . . . . .  ABSBIT   -----  BIT      00D7H  1
READ_I2C_RE_RECEIVE_ACK_STEP3. . . . .  E_CONST  -----  U_CHAR   -----  1
TI . . . . . . . . . . . . . . . . . .  ABSBIT   -----  BIT      0099H  1
INT1 . . . . . . . . . . . . . . . . .  ABSBIT   -----  BIT      00B3H  1
READ_I2C_EVENT_IDLE. . . . . . . . . .  E_CONST  -----  U_CHAR   -----  1
PIN_SDA. . . . . . . . . . . . . . . .  E_CONST  -----  U_CHAR   -----  1
RCAP2H . . . . . . . . . . . . . . . .  SFR      DATA   U_CHAR   00CBH  1
READ_I2C_WAIT_STEP1. . . . . . . . . .  E_CONST  -----  U_CHAR   -----  1
READ_I2C_RECEIVE_ACK_STEP1 . . . . . .  E_CONST  -----  U_CHAR   -----  1
PS . . . . . . . . . . . . . . . . . .  ABSBIT   -----  BIT      00BCH  1
SP . . . . . . . . . . . . . . . . . .  SFR      DATA   U_CHAR   0081H  1
READ_I2C_RECEIVE_ACK_STEP2 . . . . . .  E_CONST  -----  U_CHAR   -----  1
T2EX . . . . . . . . . . . . . . . . .  ABSBIT   -----  BIT      0091H  1
READ_I2C_RECEIVE_ACK_STEP3 . . . . . .  E_CONST  -----  U_CHAR   -----  1
OV . . . . . . . . . . . . . . . . . .  ABSBIT   -----  BIT      00D2H  1
RCAP2L . . . . . . . . . . . . . . . .  SFR      DATA   U_CHAR   00CAH  1
C_T2 . . . . . . . . . . . . . . . . .  ABSBIT   -----  BIT      00C9H  1
WR . . . . . . . . . . . . . . . . . .  ABSBIT   -----  BIT      00B6H  1
DRIVE_Aht20_Standard_IIC_Read_Task_Cha  PUBLIC   CODE   PROC     0000H  -----
PIN_SCL. . . . . . . . . . . . . . . .  E_CONST  -----  U_CHAR   -----  1
READ_I2C_RE_STOP_STEP1 . . . . . . . .  E_CONST  -----  U_CHAR   -----  1
C51 COMPILER V9.60.7.0   AHT20                                                             05/28/2026 14:18:52 PAGE 5   

NAME                                    CLASS   MSPACE  TYPE    OFFSET  SIZE
====                                    =====   ======  ====    ======  ====


Pin_ID_TypeDef . . . . . . . . . . . .  TYPEDEF  -----  U_CHAR   -----  1
READ_I2C_RE_STOP_STEP2 . . . . . . . .  E_CONST  -----  U_CHAR   -----  1
RCLK . . . . . . . . . . . . . . . . .  ABSBIT   -----  BIT      00CDH  1
READ_I2C_RE_STOP_STEP3 . . . . . . . .  E_CONST  -----  U_CHAR   -----  1
TCLK . . . . . . . . . . . . . . . . .  ABSBIT   -----  BIT      00CCH  1
READ_I2C_EVENT_RE_RECEIVE_ACK. . . . .  E_CONST  -----  U_CHAR   -----  1
SBUF . . . . . . . . . . . . . . . . .  SFR      DATA   U_CHAR   0099H  1
PCON . . . . . . . . . . . . . . . . .  SFR      DATA   U_CHAR   0087H  1
READ_I2C_STOP_STEP1. . . . . . . . . .  E_CONST  -----  U_CHAR   -----  1
SCON . . . . . . . . . . . . . . . . .  SFR      DATA   U_CHAR   0098H  1
READ_I2C_STOP_STEP2. . . . . . . . . .  E_CONST  -----  U_CHAR   -----  1
TMOD . . . . . . . . . . . . . . . . .  SFR      DATA   U_CHAR   0089H  1
TCON . . . . . . . . . . . . . . . . .  SFR      DATA   U_CHAR   0088H  1
READ_I2C_STOP_STEP3. . . . . . . . . .  E_CONST  -----  U_CHAR   -----  1
READ_I2C_EVENT_WAIT. . . . . . . . . .  E_CONST  -----  U_CHAR   -----  1
READ_I2C_EVENT_RECEIVE_ACK . . . . . .  E_CONST  -----  U_CHAR   -----  1
READ_I2C_IDLE. . . . . . . . . . . . .  E_CONST  -----  U_CHAR   -----  1
APPLICATION_Aht20_Standard_IIC_Read_TaskPUBLIC   CODE   PROC     0000H  -----
IE0. . . . . . . . . . . . . . . . . .  ABSBIT   -----  BIT      0089H  1
IE1. . . . . . . . . . . . . . . . . .  ABSBIT   -----  BIT      008BH  1
READ_I2C_EVENT_RE_STOP . . . . . . . .  E_CONST  -----  U_CHAR   -----  1
READ_I2C_EVENT_RECEIVE_CRC . . . . . .  E_CONST  -----  U_CHAR   -----  1
B. . . . . . . . . . . . . . . . . . .  SFR      DATA   U_CHAR   00F0H  1
CP_RL2 . . . . . . . . . . . . . . . .  ABSBIT   -----  BIT      00C8H  1
READ_I2C_SEND_ACK_STEP0. . . . . . . .  E_CONST  -----  U_CHAR   -----  1
ACC. . . . . . . . . . . . . . . . . .  SFR      DATA   U_CHAR   00E0H  1
READ_I2C_SEND_ACK_STEP1. . . . . . . .  E_CONST  -----  U_CHAR   -----  1
READ_I2C_EVENT_STOP. . . . . . . . . .  E_CONST  -----  U_CHAR   -----  1
READ_I2C_SEND_ACK_STEP2. . . . . . . .  E_CONST  -----  U_CHAR   -----  1
ET0. . . . . . . . . . . . . . . . . .  ABSBIT   -----  BIT      00A9H  1
READ_I2C_EVENT_SEND_NACK_STEP. . . . .  E_CONST  -----  U_CHAR   -----  1
READ_I2C_SEND_ACK_STEP3. . . . . . . .  E_CONST  -----  U_CHAR   -----  1
ET1. . . . . . . . . . . . . . . . . .  ABSBIT   -----  BIT      00ABH  1
TF0. . . . . . . . . . . . . . . . . .  ABSBIT   -----  BIT      008DH  1
READ_I2C_SEND_ACK_STEP4. . . . . . . .  E_CONST  -----  U_CHAR   -----  1
ET2. . . . . . . . . . . . . . . . . .  ABSBIT   -----  BIT      00ADH  1
TF1. . . . . . . . . . . . . . . . . .  ABSBIT   -----  BIT      008FH  1
READ_I2C_SEND_ACK_STEP5. . . . . . . .  E_CONST  -----  U_CHAR   -----  1
TF2. . . . . . . . . . . . . . . . . .  ABSBIT   -----  BIT      00CFH  1
RB8. . . . . . . . . . . . . . . . . .  ABSBIT   -----  BIT      009AH  1
TH0. . . . . . . . . . . . . . . . . .  SFR      DATA   U_CHAR   008CH  1
EX0. . . . . . . . . . . . . . . . . .  ABSBIT   -----  BIT      00A8H  1
IT0. . . . . . . . . . . . . . . . . .  ABSBIT   -----  BIT      0088H  1
TH1. . . . . . . . . . . . . . . . . .  SFR      DATA   U_CHAR   008DH  1
Platform_Aht20_Standard_IIC_Read_Task.  EXTERN   CODE   PROC     -----  -----
TB8. . . . . . . . . . . . . . . . . .  ABSBIT   -----  BIT      009BH  1
EX1. . . . . . . . . . . . . . . . . .  ABSBIT   -----  BIT      00AAH  1
IT1. . . . . . . . . . . . . . . . . .  ABSBIT   -----  BIT      008AH  1
TH2. . . . . . . . . . . . . . . . . .  SFR      DATA   U_CHAR   00CDH  1
P. . . . . . . . . . . . . . . . . . .  ABSBIT   -----  BIT      00D0H  1
SM0. . . . . . . . . . . . . . . . . .  ABSBIT   -----  BIT      009FH  1
TL0. . . . . . . . . . . . . . . . . .  SFR      DATA   U_CHAR   008AH  1
SM1. . . . . . . . . . . . . . . . . .  ABSBIT   -----  BIT      009EH  1
TL1. . . . . . . . . . . . . . . . . .  SFR      DATA   U_CHAR   008BH  1
SM2. . . . . . . . . . . . . . . . . .  ABSBIT   -----  BIT      009DH  1
TL2. . . . . . . . . . . . . . . . . .  SFR      DATA   U_CHAR   00CCH  1
PT0. . . . . . . . . . . . . . . . . .  ABSBIT   -----  BIT      00B9H  1
C51 COMPILER V9.60.7.0   AHT20                                                             05/28/2026 14:18:52 PAGE 6   

NAME                                    CLASS   MSPACE  TYPE    OFFSET  SIZE
====                                    =====   ======  ====    ======  ====


PT1. . . . . . . . . . . . . . . . . .  ABSBIT   -----  BIT      00BBH  1
RS0. . . . . . . . . . . . . . . . . .  ABSBIT   -----  BIT      00D3H  1
AHT20_TypeDef. . . . . . . . . . . . .  TYPEDEF  -----  STRUCT   -----  6
  DRIVE_Aht20_Standard_IIC_Read_Address MEMBER   -----  PTR      0000H  3
  DRIVE_Aht20_Standard_IIC_Read_Task .  MEMBER   -----  PTR      0003H  3
PT2. . . . . . . . . . . . . . . . . .  ABSBIT   -----  BIT      00BDH  1
TR0. . . . . . . . . . . . . . . . . .  ABSBIT   -----  BIT      008CH  1
RS1. . . . . . . . . . . . . . . . . .  ABSBIT   -----  BIT      00D4H  1
TR1. . . . . . . . . . . . . . . . . .  ABSBIT   -----  BIT      008EH  1
TR2. . . . . . . . . . . . . . . . . .  ABSBIT   -----  BIT      00CAH  1
PX0. . . . . . . . . . . . . . . . . .  ABSBIT   -----  BIT      00B8H  1
PX1. . . . . . . . . . . . . . . . . .  ABSBIT   -----  BIT      00BAH  1
DPH. . . . . . . . . . . . . . . . . .  SFR      DATA   U_CHAR   0083H  1
READ_I2C_EVENT_SEND_ACK. . . . . . . .  E_CONST  -----  U_CHAR   -----  1
_?DRIVE_Aht20_Standard_IIC_Read_Addres  PUBLIC   CODE   PROC     0000H  -----
  adress . . . . . . . . . . . . . . .  AUTO     IDATA  PTR      0000H  3
  re_adress. . . . . . . . . . . . . .  AUTO     IDATA  PTR      0003H  3
  dat. . . . . . . . . . . . . . . . .  AUTO     IDATA  PTR      0006H  3
DPL. . . . . . . . . . . . . . . . . .  SFR      DATA   U_CHAR   0082H  1
EXEN2. . . . . . . . . . . . . . . . .  ABSBIT   -----  BIT      00CBH  1
PIN_BEEP . . . . . . . . . . . . . . .  E_CONST  -----  U_CHAR   -----  1
REN. . . . . . . . . . . . . . . . . .  ABSBIT   -----  BIT      009CH  1
T2CON. . . . . . . . . . . . . . . . .  SFR      DATA   U_CHAR   00C8H  1
READ_I2C_RECEIVE_DATA_STEP0. . . . . .  E_CONST  -----  U_CHAR   -----  1
READ_I2C_RECEIVE_DATA_STEP1. . . . . .  E_CONST  -----  U_CHAR   -----  1
RXD. . . . . . . . . . . . . . . . . .  ABSBIT   -----  BIT      00B0H  1
READ_I2C_RECEIVE_DATA_STEP2. . . . . .  E_CONST  -----  U_CHAR   -----  1
READ_I2C_RECEIVE_DATA_STEP3. . . . . .  E_CONST  -----  U_CHAR   -----  1
TXD. . . . . . . . . . . . . . . . . .  ABSBIT   -----  BIT      00B1H  1
_APPLICATION_Aht20_Standard_IIC_Read_A  PUBLIC   CODE   PROC     0000H  -----
  adress . . . . . . . . . . . . . . .  AUTO     DATA   PTR      0000H  3
  re_adress. . . . . . . . . . . . . .  AUTO     DATA   PTR      0003H  3
  dat. . . . . . . . . . . . . . . . .  AUTO     DATA   PTR      0006H  3
READ_I2C_RE_START_STEP1. . . . . . . .  E_CONST  -----  U_CHAR   -----  1
READ_I2C_RE_START_STEP2. . . . . . . .  E_CONST  -----  U_CHAR   -----  1
F0 . . . . . . . . . . . . . . . . . .  ABSBIT   -----  BIT      00D5H  1
READ_I2C_RE_START_STEP3. . . . . . . .  E_CONST  -----  U_CHAR   -----  1
READ_I2C_RE_START_STEP4. . . . . . . .  E_CONST  -----  U_CHAR   -----  1
READ_I2C_RE_START_STEP5. . . . . . . .  E_CONST  -----  U_CHAR   -----  1
READ_I2C_RE_SEND_ADDRESS_STEP1 . . . .  E_CONST  -----  U_CHAR   -----  1
READ_I2C_RE_SEND_ADDRESS_STEP2 . . . .  E_CONST  -----  U_CHAR   -----  1
PSW. . . . . . . . . . . . . . . . . .  SFR      DATA   U_CHAR   00D0H  1
READ_I2C_RE_SEND_ADDRESS_STEP3 . . . .  E_CONST  -----  U_CHAR   -----  1
READ_I2C_RE_SEND_ADDRESS_STEP4 . . . .  E_CONST  -----  U_CHAR   -----  1
READ_I2C_START_STEP1 . . . . . . . . .  E_CONST  -----  U_CHAR   -----  1
READ_I2C_RE_SEND_ADDRESS_STEP5 . . . .  E_CONST  -----  U_CHAR   -----  1
READ_I2C_START_STEP2 . . . . . . . . .  E_CONST  -----  U_CHAR   -----  1


MODULE INFORMATION:   STATIC OVERLAYABLE
   CODE SIZE        =    151    ----
   CONSTANT SIZE    =   ----    ----
   XDATA SIZE       =   ----    ----
   PDATA SIZE       =   ----    ----
   DATA SIZE        =      6       9
   IDATA SIZE       =   ----    ----
   BIT SIZE         =   ----    ----
   EDATA SIZE       =   ----    ----
C51 COMPILER V9.60.7.0   AHT20                                                             05/28/2026 14:18:52 PAGE 7   

   HDATA SIZE       =   ----    ----
   XDATA CONST SIZE =   ----    ----
   FAR CONST SIZE   =   ----    ----
END OF MODULE INFORMATION.


C51 COMPILATION COMPLETE.  0 WARNING(S),  0 ERROR(S)
