C51 COMPILER V9.60.7.0   MAIN                                                              05/28/2026 14:18:52 PAGE 1   


C51 COMPILER V9.60.7.0, COMPILATION OF MODULE MAIN
OBJECT MODULE PLACED IN .\build\Target 1\.obj\main.o
COMPILER INVOKED BY: E:\51\C51\BIN\C51.exe .\main.c OMF2 TABS(4) CODE NOCOND SYMBOLS INCDIR(../C51/INC/Atmel;../C51/INC)
                    - DEFINE(__UVISION_VERSION=526) OPTIMIZE(8,SPEED) SMALL ROM(LARGE) PRINT(.\build\Target 1\.obj\main.lst) OBJECT(.\build\T
                    -arget 1\.obj\main.o)

line level    source

   1          #include"REG52.h"
   2          #include"PLATFORM.h"
   3          #include"UART.h"
   4          #include"AHT20.h"
   5          unsigned char adress[4]={0x70,0xAC,0x33,0x00};
   6          unsigned char re_adress[1]={0x71};
   7          unsigned char dat[7]={0x00,0x00,0x00,0x00,0x00,0x00,0x00};
   8          unsigned long last_time = 0 ;
   9          void main(void)
  10          {
  11   1      
  12   1           UART_Init();
  13   1           Timer0_SysTick_Init(); // 定时器0 模式1
  14   1           APPLICATION_Aht20_Standard_IIC_Read_Address(adress,re_adress,dat);
  15   1          while(1)
  16   1          {
  17   2              APPLICATION_Aht20_Standard_IIC_Read_Task() ;
  18   2              if(Platform_Aht20_Standard_IIC_Read_Complete_Flag())
  19   2              {
  20   3              UART_Send_Str(dat, 7);
  21   3              Platform_Aht20_Standard_IIC_Read_Complete_Flag_Clear();
  22   3              }
  23   2              if((time_get_us() - last_time) >= 100000) 
  24   2              {
  25   3                  APPLICATION_Aht20_Standard_IIC_Read_Address(adress,re_adress,dat);
  26   3                  last_time = time_get_us();
  27   3              }
  28   2              
  29   2          }
  30   1        
  31   1      }
C51 COMPILER V9.60.7.0   MAIN                                                              05/28/2026 14:18:52 PAGE 2   

ASSEMBLY LISTING OF GENERATED OBJECT CODE


             ; FUNCTION main (BEGIN)
                                           ; SOURCE LINE # 9
                                           ; SOURCE LINE # 10
                                           ; SOURCE LINE # 12
0000 120000      E     LCALL   UART_Init
                                           ; SOURCE LINE # 13
0003 120000      E     LCALL   Timer0_SysTick_Init
                                           ; SOURCE LINE # 14
0006 750000      E     MOV     ?_APPLICATION_Aht20_Standard_IIC_Read_Address?BYTE+03H,#00H
0009 750000      R     MOV     ?_APPLICATION_Aht20_Standard_IIC_Read_Address?BYTE+04H,#HIGH re_adress
000C 750000      R     MOV     ?_APPLICATION_Aht20_Standard_IIC_Read_Address?BYTE+05H,#LOW re_adress
000F 750000      E     MOV     ?_APPLICATION_Aht20_Standard_IIC_Read_Address?BYTE+06H,#00H
0012 750000      R     MOV     ?_APPLICATION_Aht20_Standard_IIC_Read_Address?BYTE+07H,#HIGH dat
0015 750000      R     MOV     ?_APPLICATION_Aht20_Standard_IIC_Read_Address?BYTE+08H,#LOW dat
0018 7B00              MOV     R3,#00H
001A 7A00        R     MOV     R2,#HIGH adress
001C 7900        R     MOV     R1,#LOW adress
001E 120000      E     LCALL   _APPLICATION_Aht20_Standard_IIC_Read_Address
0021         ?C0001:
                                           ; SOURCE LINE # 15
                                           ; SOURCE LINE # 16
                                           ; SOURCE LINE # 17
0021 120000      E     LCALL   APPLICATION_Aht20_Standard_IIC_Read_Task
                                           ; SOURCE LINE # 18
0024 120000      E     LCALL   Platform_Aht20_Standard_IIC_Read_Complete_Flag
0027 EF                MOV     A,R7
0028 600E              JZ      ?C0003
                                           ; SOURCE LINE # 19
                                           ; SOURCE LINE # 20
002A 7B00              MOV     R3,#00H
002C 7A00        R     MOV     R2,#HIGH dat
002E 7900        R     MOV     R1,#LOW dat
0030 7D07              MOV     R5,#07H
0032 120000      E     LCALL   _UART_Send_Str
                                           ; SOURCE LINE # 21
0035 120000      E     LCALL   Platform_Aht20_Standard_IIC_Read_Complete_Flag_Clear
                                           ; SOURCE LINE # 22
0038         ?C0003:
                                           ; SOURCE LINE # 23
0038 120000      E     LCALL   time_get_us
003B C3                CLR     C
003C EF                MOV     A,R7
003D 9500        R     SUBB    A,last_time+03H
003F FF                MOV     R7,A
0040 EE                MOV     A,R6
0041 9500        R     SUBB    A,last_time+02H
0043 FE                MOV     R6,A
0044 ED                MOV     A,R5
0045 9500        R     SUBB    A,last_time+01H
0047 FD                MOV     R5,A
0048 EC                MOV     A,R4
0049 9500        R     SUBB    A,last_time
004B FC                MOV     R4,A
004C 7BA0              MOV     R3,#0A0H
004E 7A86              MOV     R2,#086H
0050 7901              MOV     R1,#01H
0052 7800              MOV     R0,#00H
0054 D3                SETB    C
0055 120000      E     LCALL   ?C?ULCMP
C51 COMPILER V9.60.7.0   MAIN                                                              05/28/2026 14:18:52 PAGE 3   

0058 50C7              JNC     ?C0001
                                           ; SOURCE LINE # 24
                                           ; SOURCE LINE # 25
005A 750000      E     MOV     ?_APPLICATION_Aht20_Standard_IIC_Read_Address?BYTE+03H,#00H
005D 750000      R     MOV     ?_APPLICATION_Aht20_Standard_IIC_Read_Address?BYTE+04H,#HIGH re_adress
0060 750000      R     MOV     ?_APPLICATION_Aht20_Standard_IIC_Read_Address?BYTE+05H,#LOW re_adress
0063 750000      E     MOV     ?_APPLICATION_Aht20_Standard_IIC_Read_Address?BYTE+06H,#00H
0066 750000      R     MOV     ?_APPLICATION_Aht20_Standard_IIC_Read_Address?BYTE+07H,#HIGH dat
0069 750000      R     MOV     ?_APPLICATION_Aht20_Standard_IIC_Read_Address?BYTE+08H,#LOW dat
006C 7B00              MOV     R3,#00H
006E 7A00        R     MOV     R2,#HIGH adress
0070 7900        R     MOV     R1,#LOW adress
0072 120000      E     LCALL   _APPLICATION_Aht20_Standard_IIC_Read_Address
                                           ; SOURCE LINE # 26
0075 120000      E     LCALL   time_get_us
0078 8F00        R     MOV     last_time+03H,R7
007A 8E00        R     MOV     last_time+02H,R6
007C 8D00        R     MOV     last_time+01H,R5
007E 8C00        R     MOV     last_time,R4
                                           ; SOURCE LINE # 27
                                           ; SOURCE LINE # 29
0080 809F              SJMP    ?C0001
             ; FUNCTION main (END)

C51 COMPILER V9.60.7.0   MAIN                                                              05/28/2026 14:18:52 PAGE 4   

NAME                                    CLASS   MSPACE  TYPE    OFFSET  SIZE
====                                    =====   ======  ====    ======  ====


READ_I2C_START_STEP3 . . . . . . . . .  E_CONST  -----  U_CHAR   -----  1
P0 . . . . . . . . . . . . . . . . . .  SFR      DATA   U_CHAR   0080H  1
P1 . . . . . . . . . . . . . . . . . .  SFR      DATA   U_CHAR   0090H  1
READ_I2C_SEND_ADDRESS_STEP1. . . . . .  E_CONST  -----  U_CHAR   -----  1
P2 . . . . . . . . . . . . . . . . . .  SFR      DATA   U_CHAR   00A0H  1
READ_I2C_EVENT_RE_ADDRESS. . . . . . .  E_CONST  -----  U_CHAR   -----  1
READ_I2C_SEND_ADDRESS_STEP2. . . . . .  E_CONST  -----  U_CHAR   -----  1
P3 . . . . . . . . . . . . . . . . . .  SFR      DATA   U_CHAR   00B0H  1
READ_I2C_EVENT_RECEIVE_DATA. . . . . .  E_CONST  -----  U_CHAR   -----  1
READ_I2C_SEND_ADDRESS_STEP3. . . . . .  E_CONST  -----  U_CHAR   -----  1
T0 . . . . . . . . . . . . . . . . . .  ABSBIT   -----  BIT      00B4H  1
AC . . . . . . . . . . . . . . . . . .  ABSBIT   -----  BIT      00D6H  1
READ_I2C_SEND_ADDRESS_STEP4. . . . . .  E_CONST  -----  U_CHAR   -----  1
T1 . . . . . . . . . . . . . . . . . .  ABSBIT   -----  BIT      00B5H  1
adress . . . . . . . . . . . . . . . .  PUBLIC   DATA   ARRAY    0000H  4
T2 . . . . . . . . . . . . . . . . . .  ABSBIT   -----  BIT      0090H  1
EA . . . . . . . . . . . . . . . . . .  ABSBIT   -----  BIT      00AFH  1
READ_I2C_EVENT_RE_START. . . . . . . .  E_CONST  -----  U_CHAR   -----  1
READ_I2C_EVENT_ADDRESS . . . . . . . .  E_CONST  -----  U_CHAR   -----  1
IE . . . . . . . . . . . . . . . . . .  SFR      DATA   U_CHAR   00A8H  1
READ_I2C_EVENT_START . . . . . . . . .  E_CONST  -----  U_CHAR   -----  1
EXF2 . . . . . . . . . . . . . . . . .  ABSBIT   -----  BIT      00CEH  1
RD . . . . . . . . . . . . . . . . . .  ABSBIT   -----  BIT      00B7H  1
READ_I2C_SEND_NACK_STEP1 . . . . . . .  E_CONST  -----  U_CHAR   -----  1
READ_I2C_SEND_NACK_STEP2 . . . . . . .  E_CONST  -----  U_CHAR   -----  1
ES . . . . . . . . . . . . . . . . . .  ABSBIT   -----  BIT      00ACH  1
READ_I2C_SEND_NACK_STEP3 . . . . . . .  E_CONST  -----  U_CHAR   -----  1
IP . . . . . . . . . . . . . . . . . .  SFR      DATA   U_CHAR   00B8H  1
Aht20_I2C_Read_State_Typedef . . . . .  TYPEDEF  -----  U_CHAR   -----  1
READ_I2C_SEND_NACK_STEP4 . . . . . . .  E_CONST  -----  U_CHAR   -----  1
Aht20_I2C_Read_Event_Typedef . . . . .  TYPEDEF  -----  U_CHAR   -----  1
READ_I2C_RE_RECEIVE_ACK_STEP1. . . . .  E_CONST  -----  U_CHAR   -----  1
RI . . . . . . . . . . . . . . . . . .  ABSBIT   -----  BIT      0098H  1
READ_I2C_RE_RECEIVE_ACK_STEP2. . . . .  E_CONST  -----  U_CHAR   -----  1
INT0 . . . . . . . . . . . . . . . . .  ABSBIT   -----  BIT      00B2H  1
CY . . . . . . . . . . . . . . . . . .  ABSBIT   -----  BIT      00D7H  1
time_get_us. . . . . . . . . . . . . .  EXTERN   CODE   PROC     -----  -----
READ_I2C_RE_RECEIVE_ACK_STEP3. . . . .  E_CONST  -----  U_CHAR   -----  1
TI . . . . . . . . . . . . . . . . . .  ABSBIT   -----  BIT      0099H  1
INT1 . . . . . . . . . . . . . . . . .  ABSBIT   -----  BIT      00B3H  1
Platform_Aht20_Standard_IIC_Read_Compl  EXTERN   CODE   PROC     -----  -----
READ_I2C_EVENT_IDLE. . . . . . . . . .  E_CONST  -----  U_CHAR   -----  1
PIN_SDA. . . . . . . . . . . . . . . .  E_CONST  -----  U_CHAR   -----  1
RCAP2H . . . . . . . . . . . . . . . .  SFR      DATA   U_CHAR   00CBH  1
READ_I2C_WAIT_STEP1. . . . . . . . . .  E_CONST  -----  U_CHAR   -----  1
READ_I2C_RECEIVE_ACK_STEP1 . . . . . .  E_CONST  -----  U_CHAR   -----  1
PS . . . . . . . . . . . . . . . . . .  ABSBIT   -----  BIT      00BCH  1
SP . . . . . . . . . . . . . . . . . .  SFR      DATA   U_CHAR   0081H  1
READ_I2C_RECEIVE_ACK_STEP2 . . . . . .  E_CONST  -----  U_CHAR   -----  1
T2EX . . . . . . . . . . . . . . . . .  ABSBIT   -----  BIT      0091H  1
READ_I2C_RECEIVE_ACK_STEP3 . . . . . .  E_CONST  -----  U_CHAR   -----  1
OV . . . . . . . . . . . . . . . . . .  ABSBIT   -----  BIT      00D2H  1
RCAP2L . . . . . . . . . . . . . . . .  SFR      DATA   U_CHAR   00CAH  1
main . . . . . . . . . . . . . . . . .  PUBLIC   CODE   PROC     0000H  -----
C_T2 . . . . . . . . . . . . . . . . .  ABSBIT   -----  BIT      00C9H  1
WR . . . . . . . . . . . . . . . . . .  ABSBIT   -----  BIT      00B6H  1
PIN_SCL. . . . . . . . . . . . . . . .  E_CONST  -----  U_CHAR   -----  1
C51 COMPILER V9.60.7.0   MAIN                                                              05/28/2026 14:18:52 PAGE 5   

NAME                                    CLASS   MSPACE  TYPE    OFFSET  SIZE
====                                    =====   ======  ====    ======  ====


READ_I2C_RE_STOP_STEP1 . . . . . . . .  E_CONST  -----  U_CHAR   -----  1
Pin_ID_TypeDef . . . . . . . . . . . .  TYPEDEF  -----  U_CHAR   -----  1
READ_I2C_RE_STOP_STEP2 . . . . . . . .  E_CONST  -----  U_CHAR   -----  1
RCLK . . . . . . . . . . . . . . . . .  ABSBIT   -----  BIT      00CDH  1
READ_I2C_RE_STOP_STEP3 . . . . . . . .  E_CONST  -----  U_CHAR   -----  1
TCLK . . . . . . . . . . . . . . . . .  ABSBIT   -----  BIT      00CCH  1
READ_I2C_EVENT_RE_RECEIVE_ACK. . . . .  E_CONST  -----  U_CHAR   -----  1
SBUF . . . . . . . . . . . . . . . . .  SFR      DATA   U_CHAR   0099H  1
PCON . . . . . . . . . . . . . . . . .  SFR      DATA   U_CHAR   0087H  1
UART_Init. . . . . . . . . . . . . . .  EXTERN   CODE   PROC     -----  -----
READ_I2C_STOP_STEP1. . . . . . . . . .  E_CONST  -----  U_CHAR   -----  1
SCON . . . . . . . . . . . . . . . . .  SFR      DATA   U_CHAR   0098H  1
READ_I2C_STOP_STEP2. . . . . . . . . .  E_CONST  -----  U_CHAR   -----  1
TMOD . . . . . . . . . . . . . . . . .  SFR      DATA   U_CHAR   0089H  1
TCON . . . . . . . . . . . . . . . . .  SFR      DATA   U_CHAR   0088H  1
READ_I2C_STOP_STEP3. . . . . . . . . .  E_CONST  -----  U_CHAR   -----  1
READ_I2C_EVENT_WAIT. . . . . . . . . .  E_CONST  -----  U_CHAR   -----  1
READ_I2C_EVENT_RECEIVE_ACK . . . . . .  E_CONST  -----  U_CHAR   -----  1
dat. . . . . . . . . . . . . . . . . .  PUBLIC   DATA   ARRAY    0004H  7
READ_I2C_IDLE. . . . . . . . . . . . .  E_CONST  -----  U_CHAR   -----  1
APPLICATION_Aht20_Standard_IIC_Read_TaskEXTERN   CODE   PROC     -----  -----
re_adress. . . . . . . . . . . . . . .  PUBLIC   DATA   ARRAY    000BH  1
IE0. . . . . . . . . . . . . . . . . .  ABSBIT   -----  BIT      0089H  1
IE1. . . . . . . . . . . . . . . . . .  ABSBIT   -----  BIT      008BH  1
READ_I2C_EVENT_RE_STOP . . . . . . . .  E_CONST  -----  U_CHAR   -----  1
READ_I2C_EVENT_RECEIVE_CRC . . . . . .  E_CONST  -----  U_CHAR   -----  1
B. . . . . . . . . . . . . . . . . . .  SFR      DATA   U_CHAR   00F0H  1
CP_RL2 . . . . . . . . . . . . . . . .  ABSBIT   -----  BIT      00C8H  1
_UART_Send_Str . . . . . . . . . . . .  EXTERN   CODE   PROC     -----  -----
READ_I2C_SEND_ACK_STEP0. . . . . . . .  E_CONST  -----  U_CHAR   -----  1
ACC. . . . . . . . . . . . . . . . . .  SFR      DATA   U_CHAR   00E0H  1
last_time. . . . . . . . . . . . . . .  PUBLIC   DATA   U_LONG   000CH  4
READ_I2C_SEND_ACK_STEP1. . . . . . . .  E_CONST  -----  U_CHAR   -----  1
READ_I2C_EVENT_STOP. . . . . . . . . .  E_CONST  -----  U_CHAR   -----  1
READ_I2C_SEND_ACK_STEP2. . . . . . . .  E_CONST  -----  U_CHAR   -----  1
ET0. . . . . . . . . . . . . . . . . .  ABSBIT   -----  BIT      00A9H  1
READ_I2C_EVENT_SEND_NACK_STEP. . . . .  E_CONST  -----  U_CHAR   -----  1
READ_I2C_SEND_ACK_STEP3. . . . . . . .  E_CONST  -----  U_CHAR   -----  1
ET1. . . . . . . . . . . . . . . . . .  ABSBIT   -----  BIT      00ABH  1
TF0. . . . . . . . . . . . . . . . . .  ABSBIT   -----  BIT      008DH  1
READ_I2C_SEND_ACK_STEP4. . . . . . . .  E_CONST  -----  U_CHAR   -----  1
ET2. . . . . . . . . . . . . . . . . .  ABSBIT   -----  BIT      00ADH  1
TF1. . . . . . . . . . . . . . . . . .  ABSBIT   -----  BIT      008FH  1
READ_I2C_SEND_ACK_STEP5. . . . . . . .  E_CONST  -----  U_CHAR   -----  1
TF2. . . . . . . . . . . . . . . . . .  ABSBIT   -----  BIT      00CFH  1
RB8. . . . . . . . . . . . . . . . . .  ABSBIT   -----  BIT      009AH  1
TH0. . . . . . . . . . . . . . . . . .  SFR      DATA   U_CHAR   008CH  1
EX0. . . . . . . . . . . . . . . . . .  ABSBIT   -----  BIT      00A8H  1
IT0. . . . . . . . . . . . . . . . . .  ABSBIT   -----  BIT      0088H  1
TH1. . . . . . . . . . . . . . . . . .  SFR      DATA   U_CHAR   008DH  1
TB8. . . . . . . . . . . . . . . . . .  ABSBIT   -----  BIT      009BH  1
EX1. . . . . . . . . . . . . . . . . .  ABSBIT   -----  BIT      00AAH  1
IT1. . . . . . . . . . . . . . . . . .  ABSBIT   -----  BIT      008AH  1
TH2. . . . . . . . . . . . . . . . . .  SFR      DATA   U_CHAR   00CDH  1
P. . . . . . . . . . . . . . . . . . .  ABSBIT   -----  BIT      00D0H  1
SM0. . . . . . . . . . . . . . . . . .  ABSBIT   -----  BIT      009FH  1
TL0. . . . . . . . . . . . . . . . . .  SFR      DATA   U_CHAR   008AH  1
C51 COMPILER V9.60.7.0   MAIN                                                              05/28/2026 14:18:52 PAGE 6   

NAME                                    CLASS   MSPACE  TYPE    OFFSET  SIZE
====                                    =====   ======  ====    ======  ====


SM1. . . . . . . . . . . . . . . . . .  ABSBIT   -----  BIT      009EH  1
TL1. . . . . . . . . . . . . . . . . .  SFR      DATA   U_CHAR   008BH  1
SM2. . . . . . . . . . . . . . . . . .  ABSBIT   -----  BIT      009DH  1
TL2. . . . . . . . . . . . . . . . . .  SFR      DATA   U_CHAR   00CCH  1
UART_TypeDef . . . . . . . . . . . . .  TYPEDEF  -----  STRUCT   -----  6
  Init . . . . . . . . . . . . . . . .  MEMBER   -----  PTR      0000H  3
  Send_Str . . . . . . . . . . . . . .  MEMBER   -----  PTR      0003H  3
Platform_Aht20_Standard_IIC_Read_Compl  EXTERN   CODE   PROC     -----  -----
PT0. . . . . . . . . . . . . . . . . .  ABSBIT   -----  BIT      00B9H  1
PT1. . . . . . . . . . . . . . . . . .  ABSBIT   -----  BIT      00BBH  1
RS0. . . . . . . . . . . . . . . . . .  ABSBIT   -----  BIT      00D3H  1
AHT20_TypeDef. . . . . . . . . . . . .  TYPEDEF  -----  STRUCT   -----  6
  DRIVE_Aht20_Standard_IIC_Read_Address MEMBER   -----  PTR      0000H  3
  DRIVE_Aht20_Standard_IIC_Read_Task .  MEMBER   -----  PTR      0003H  3
PT2. . . . . . . . . . . . . . . . . .  ABSBIT   -----  BIT      00BDH  1
TR0. . . . . . . . . . . . . . . . . .  ABSBIT   -----  BIT      008CH  1
RS1. . . . . . . . . . . . . . . . . .  ABSBIT   -----  BIT      00D4H  1
TR1. . . . . . . . . . . . . . . . . .  ABSBIT   -----  BIT      008EH  1
TR2. . . . . . . . . . . . . . . . . .  ABSBIT   -----  BIT      00CAH  1
PX0. . . . . . . . . . . . . . . . . .  ABSBIT   -----  BIT      00B8H  1
PX1. . . . . . . . . . . . . . . . . .  ABSBIT   -----  BIT      00BAH  1
Timer0_SysTick_Init. . . . . . . . . .  EXTERN   CODE   PROC     -----  -----
DPH. . . . . . . . . . . . . . . . . .  SFR      DATA   U_CHAR   0083H  1
READ_I2C_EVENT_SEND_ACK. . . . . . . .  E_CONST  -----  U_CHAR   -----  1
DPL. . . . . . . . . . . . . . . . . .  SFR      DATA   U_CHAR   0082H  1
EXEN2. . . . . . . . . . . . . . . . .  ABSBIT   -----  BIT      00CBH  1
PIN_BEEP . . . . . . . . . . . . . . .  E_CONST  -----  U_CHAR   -----  1
REN. . . . . . . . . . . . . . . . . .  ABSBIT   -----  BIT      009CH  1
T2CON. . . . . . . . . . . . . . . . .  SFR      DATA   U_CHAR   00C8H  1
READ_I2C_RECEIVE_DATA_STEP0. . . . . .  E_CONST  -----  U_CHAR   -----  1
READ_I2C_RECEIVE_DATA_STEP1. . . . . .  E_CONST  -----  U_CHAR   -----  1
RXD. . . . . . . . . . . . . . . . . .  ABSBIT   -----  BIT      00B0H  1
READ_I2C_RECEIVE_DATA_STEP2. . . . . .  E_CONST  -----  U_CHAR   -----  1
READ_I2C_RECEIVE_DATA_STEP3. . . . . .  E_CONST  -----  U_CHAR   -----  1
TXD. . . . . . . . . . . . . . . . . .  ABSBIT   -----  BIT      00B1H  1
_APPLICATION_Aht20_Standard_IIC_Read_A  EXTERN   CODE   PROC     -----  -----
READ_I2C_RE_START_STEP1. . . . . . . .  E_CONST  -----  U_CHAR   -----  1
READ_I2C_RE_START_STEP2. . . . . . . .  E_CONST  -----  U_CHAR   -----  1
F0 . . . . . . . . . . . . . . . . . .  ABSBIT   -----  BIT      00D5H  1
READ_I2C_RE_START_STEP3. . . . . . . .  E_CONST  -----  U_CHAR   -----  1
READ_I2C_RE_START_STEP4. . . . . . . .  E_CONST  -----  U_CHAR   -----  1
READ_I2C_RE_START_STEP5. . . . . . . .  E_CONST  -----  U_CHAR   -----  1
READ_I2C_RE_SEND_ADDRESS_STEP1 . . . .  E_CONST  -----  U_CHAR   -----  1
READ_I2C_RE_SEND_ADDRESS_STEP2 . . . .  E_CONST  -----  U_CHAR   -----  1
PSW. . . . . . . . . . . . . . . . . .  SFR      DATA   U_CHAR   00D0H  1
READ_I2C_RE_SEND_ADDRESS_STEP3 . . . .  E_CONST  -----  U_CHAR   -----  1
READ_I2C_RE_SEND_ADDRESS_STEP4 . . . .  E_CONST  -----  U_CHAR   -----  1
READ_I2C_START_STEP1 . . . . . . . . .  E_CONST  -----  U_CHAR   -----  1
READ_I2C_RE_SEND_ADDRESS_STEP5 . . . .  E_CONST  -----  U_CHAR   -----  1
READ_I2C_START_STEP2 . . . . . . . . .  E_CONST  -----  U_CHAR   -----  1


MODULE INFORMATION:   STATIC OVERLAYABLE
   CODE SIZE        =    130    ----
   CONSTANT SIZE    =   ----    ----
   XDATA SIZE       =   ----    ----
   PDATA SIZE       =   ----    ----
   DATA SIZE        =     16    ----
C51 COMPILER V9.60.7.0   MAIN                                                              05/28/2026 14:18:52 PAGE 7   

   IDATA SIZE       =   ----    ----
   BIT SIZE         =   ----    ----
   EDATA SIZE       =   ----    ----
   HDATA SIZE       =   ----    ----
   XDATA CONST SIZE =   ----    ----
   FAR CONST SIZE   =   ----    ----
END OF MODULE INFORMATION.


C51 COMPILATION COMPLETE.  0 WARNING(S),  0 ERROR(S)
