C51 COMPILER V9.60.7.0   UART                                                              05/28/2026 14:18:52 PAGE 1   


C51 COMPILER V9.60.7.0, COMPILATION OF MODULE UART
OBJECT MODULE PLACED IN .\build\Target 1\.obj\UART.o
COMPILER INVOKED BY: E:\51\C51\BIN\C51.exe .\UART.c OMF2 TABS(4) CODE NOCOND SYMBOLS INCDIR(../C51/INC/Atmel;../C51/INC)
                    - DEFINE(__UVISION_VERSION=526) OPTIMIZE(8,SPEED) SMALL ROM(LARGE) PRINT(.\build\Target 1\.obj\UART.lst) OBJECT(.\build\T
                    -arget 1\.obj\UART.o)

line level    source

   1          #include "UART.h"
   2          
   3          static unsigned char Uart_Rx_Buffer[Uart_Rx_Buffer_Len];
   4          static unsigned char Uart_Rx_Count= 0 ;
   5          static bit Uart_Rx_Flag ;
   6          
   7          
   8          static void UART_Send_Str_Change(unsigned char *str, unsigned char len)
   9          {
  10   1          Platform_UART_Send_Str(str, len);
  11   1      }
  12          
  13          static void UART_Init_Change(void)
  14          {
  15   1          Platform_UART_Init();  // 只调用平台
  16   1      }
  17          
  18          UART_TypeDef Uart ={UART_Init_Change,UART_Send_Str_Change} ;
  19          
  20          void UART_Init()
  21          {
  22   1      Uart.Init();
  23   1      }
  24          
  25          
  26          void UART_Send_Str(unsigned char *str, unsigned char len)
  27          {
  28   1      Uart.Send_Str(str, len);
  29   1      }
  30          
  31          void UART_Isr(void) interrupt 4
  32          {
  33   1          if(RI)
  34   1          {
  35   2              RI = 0;
  36   2               if(Uart_Rx_Count < Uart_Rx_Buffer_Len-1)
  37   2              {
  38   3                  Uart_Rx_Buffer[Uart_Rx_Count++] = SBUF;
  39   3              }
  40   2              Uart_Rx_Flag = 1 ;
  41   2          }
  42   1          
  43   1      }
  44          
  45          
  46          unsigned char* UART_Receive()
  47          {
  48   1          if(Uart_Rx_Flag)
  49   1          {
  50   2              Uart_Rx_Buffer[Uart_Rx_Count] = '\0'; // '\0'=0x00 
  51   2              return Uart_Rx_Buffer;
  52   2          }
  53   1          return 0;
C51 COMPILER V9.60.7.0   UART                                                              05/28/2026 14:18:52 PAGE 2   

  54   1      }
  55          
  56          void UART_Clear(void)
  57          {
  58   1          unsigned char i ;
  59   1          Uart_Rx_Flag = 0;
  60   1          Uart_Rx_Count = 0;
  61   1            for(i=0; i<Uart_Rx_Buffer_Len; i++)
  62   1          {
  63   2              Uart_Rx_Buffer[i] = 0;
  64   2          }
  65   1      }
C51 COMPILER V9.60.7.0   UART                                                              05/28/2026 14:18:52 PAGE 3   

ASSEMBLY LISTING OF GENERATED OBJECT CODE


             ; FUNCTION _UART_Send_Str_Change (BEGIN)
                                           ; SOURCE LINE # 8
;---- Variable 'len' assigned to Register 'R5' ----
;---- Variable 'str' assigned to Register 'R1/R2/R3' ----
                                           ; SOURCE LINE # 9
                                           ; SOURCE LINE # 10
0000 020000      E     LJMP    _Platform_UART_Send_Str
             ; FUNCTION _UART_Send_Str_Change (END)

             ; FUNCTION UART_Init_Change (BEGIN)
                                           ; SOURCE LINE # 13
                                           ; SOURCE LINE # 14
                                           ; SOURCE LINE # 15
0000 020000      E     LJMP    Platform_UART_Init
             ; FUNCTION UART_Init_Change (END)

             ; FUNCTION UART_Init (BEGIN)
                                           ; SOURCE LINE # 20
                                           ; SOURCE LINE # 21
                                           ; SOURCE LINE # 22
0000 AA00        R     MOV     R2,Uart+01H
0002 A900        R     MOV     R1,Uart+02H
0004 020000      E     LJMP    ?C?ICALL
             ; FUNCTION UART_Init (END)

             ; FUNCTION _UART_Send_Str (BEGIN)
                                           ; SOURCE LINE # 26
;---- Variable 'len' assigned to Register 'R5' ----
;---- Variable 'str' assigned to Register 'R1/R2/R3' ----
                                           ; SOURCE LINE # 27
                                           ; SOURCE LINE # 28
0000 850082      R     MOV     DPL,Uart+05H
0003 850083      R     MOV     DPH,Uart+04H
0006 020000      E     LJMP    ?C?ICALL2
             ; FUNCTION _UART_Send_Str (END)

             ; FUNCTION UART_Isr (BEGIN)
0000 C0E0              PUSH    ACC
0002 C0D0              PUSH    PSW
0004 75D000            MOV     PSW,#00H
0007 C000              PUSH    AR0
0009 C007              PUSH    AR7
                                           ; SOURCE LINE # 31
                                           ; SOURCE LINE # 33
000B 309815            JNB     RI,?C0007
                                           ; SOURCE LINE # 34
                                           ; SOURCE LINE # 35
000E C298              CLR     RI
                                           ; SOURCE LINE # 36
0010 E500        R     MOV     A,Uart_Rx_Count
0012 C3                CLR     C
0013 9403              SUBB    A,#03H
0015 500A              JNC     ?C0006
                                           ; SOURCE LINE # 37
                                           ; SOURCE LINE # 38
0017 AF00        R     MOV     R7,Uart_Rx_Count
0019 0500        R     INC     Uart_Rx_Count
001B 7400        R     MOV     A,#LOW Uart_Rx_Buffer
001D 2F                ADD     A,R7
C51 COMPILER V9.60.7.0   UART                                                              05/28/2026 14:18:52 PAGE 4   

001E F8                MOV     R0,A
001F A699              MOV     @R0,SBUF
                                           ; SOURCE LINE # 39
0021         ?C0006:
                                           ; SOURCE LINE # 40
0021 D200        R     SETB    Uart_Rx_Flag
                                           ; SOURCE LINE # 41
                                           ; SOURCE LINE # 43
0023         ?C0007:
0023 D007              POP     AR7
0025 D000              POP     AR0
0027 D0D0              POP     PSW
0029 D0E0              POP     ACC
002B 32                RETI    
             ; FUNCTION UART_Isr (END)

             ; FUNCTION UART_Receive (BEGIN)
                                           ; SOURCE LINE # 46
                                           ; SOURCE LINE # 47
                                           ; SOURCE LINE # 48
0000 30000D            JNB     Uart_Rx_Flag,?C0008
                                           ; SOURCE LINE # 49
                                           ; SOURCE LINE # 50
0003 7400        R     MOV     A,#LOW Uart_Rx_Buffer
0005 2500        R     ADD     A,Uart_Rx_Count
0007 F8                MOV     R0,A
0008 E4                CLR     A
0009 F6                MOV     @R0,A
                                           ; SOURCE LINE # 51
000A FB                MOV     R3,A
000B 7A00        R     MOV     R2,#HIGH Uart_Rx_Buffer
000D 7900        R     MOV     R1,#LOW Uart_Rx_Buffer
000F 22                RET     
                                           ; SOURCE LINE # 52
0010         ?C0008:
                                           ; SOURCE LINE # 53
0010 7B00              MOV     R3,#00H
0012 7A00              MOV     R2,#00H
0014 7900              MOV     R1,#00H
                                           ; SOURCE LINE # 54
0016         ?C0009:
0016 22                RET     
             ; FUNCTION UART_Receive (END)

             ; FUNCTION UART_Clear (BEGIN)
                                           ; SOURCE LINE # 56
                                           ; SOURCE LINE # 57
                                           ; SOURCE LINE # 59
0000 C200        R     CLR     Uart_Rx_Flag
                                           ; SOURCE LINE # 60
0002 E4                CLR     A
0003 F500        R     MOV     Uart_Rx_Count,A
                                           ; SOURCE LINE # 61
;---- Variable 'i' assigned to Register 'R7' ----
0005         ?C0010:
                                           ; SOURCE LINE # 62
                                           ; SOURCE LINE # 63
0005 7F04              MOV     R7,#04H
0007 7800        R     MOV     R0,#LOW Uart_Rx_Buffer
0009 E4                CLR     A
000A         ?C0014:
000A F6                MOV     @R0,A
C51 COMPILER V9.60.7.0   UART                                                              05/28/2026 14:18:52 PAGE 5   

000B 08                INC     R0
000C DFFC              DJNZ    R7,?C0014
                                           ; SOURCE LINE # 64
                                           ; SOURCE LINE # 65
000E         ?C0013:
000E 22                RET     
             ; FUNCTION UART_Clear (END)

C51 COMPILER V9.60.7.0   UART                                                              05/28/2026 14:18:52 PAGE 6   

NAME                                    CLASS   MSPACE  TYPE    OFFSET  SIZE
====                                    =====   ======  ====    ======  ====


READ_I2C_START_STEP3 . . . . . . . . .  E_CONST  -----  U_CHAR   -----  1
P0 . . . . . . . . . . . . . . . . . .  SFR      DATA   U_CHAR   0080H  1
P1 . . . . . . . . . . . . . . . . . .  SFR      DATA   U_CHAR   0090H  1
READ_I2C_SEND_ADDRESS_STEP1. . . . . .  E_CONST  -----  U_CHAR   -----  1
P2 . . . . . . . . . . . . . . . . . .  SFR      DATA   U_CHAR   00A0H  1
READ_I2C_EVENT_RE_ADDRESS. . . . . . .  E_CONST  -----  U_CHAR   -----  1
READ_I2C_SEND_ADDRESS_STEP2. . . . . .  E_CONST  -----  U_CHAR   -----  1
P3 . . . . . . . . . . . . . . . . . .  SFR      DATA   U_CHAR   00B0H  1
READ_I2C_EVENT_RECEIVE_DATA. . . . . .  E_CONST  -----  U_CHAR   -----  1
READ_I2C_SEND_ADDRESS_STEP3. . . . . .  E_CONST  -----  U_CHAR   -----  1
T0 . . . . . . . . . . . . . . . . . .  ABSBIT   -----  BIT      00B4H  1
AC . . . . . . . . . . . . . . . . . .  ABSBIT   -----  BIT      00D6H  1
READ_I2C_SEND_ADDRESS_STEP4. . . . . .  E_CONST  -----  U_CHAR   -----  1
T1 . . . . . . . . . . . . . . . . . .  ABSBIT   -----  BIT      00B5H  1
T2 . . . . . . . . . . . . . . . . . .  ABSBIT   -----  BIT      0090H  1
EA . . . . . . . . . . . . . . . . . .  ABSBIT   -----  BIT      00AFH  1
Uart_Rx_Buffer . . . . . . . . . . . .  STATIC   DATA   ARRAY    0000H  4
UART_Clear . . . . . . . . . . . . . .  PUBLIC   CODE   PROC     0000H  -----
  i. . . . . . . . . . . . . . . . . .  * REG *  DATA   U_CHAR   0007H  1
READ_I2C_EVENT_RE_START. . . . . . . .  E_CONST  -----  U_CHAR   -----  1
READ_I2C_EVENT_ADDRESS . . . . . . . .  E_CONST  -----  U_CHAR   -----  1
IE . . . . . . . . . . . . . . . . . .  SFR      DATA   U_CHAR   00A8H  1
READ_I2C_EVENT_START . . . . . . . . .  E_CONST  -----  U_CHAR   -----  1
EXF2 . . . . . . . . . . . . . . . . .  ABSBIT   -----  BIT      00CEH  1
RD . . . . . . . . . . . . . . . . . .  ABSBIT   -----  BIT      00B7H  1
READ_I2C_SEND_NACK_STEP1 . . . . . . .  E_CONST  -----  U_CHAR   -----  1
READ_I2C_SEND_NACK_STEP2 . . . . . . .  E_CONST  -----  U_CHAR   -----  1
ES . . . . . . . . . . . . . . . . . .  ABSBIT   -----  BIT      00ACH  1
READ_I2C_SEND_NACK_STEP3 . . . . . . .  E_CONST  -----  U_CHAR   -----  1
IP . . . . . . . . . . . . . . . . . .  SFR      DATA   U_CHAR   00B8H  1
Aht20_I2C_Read_State_Typedef . . . . .  TYPEDEF  -----  U_CHAR   -----  1
READ_I2C_SEND_NACK_STEP4 . . . . . . .  E_CONST  -----  U_CHAR   -----  1
Aht20_I2C_Read_Event_Typedef . . . . .  TYPEDEF  -----  U_CHAR   -----  1
READ_I2C_RE_RECEIVE_ACK_STEP1. . . . .  E_CONST  -----  U_CHAR   -----  1
RI . . . . . . . . . . . . . . . . . .  ABSBIT   -----  BIT      0098H  1
READ_I2C_RE_RECEIVE_ACK_STEP2. . . . .  E_CONST  -----  U_CHAR   -----  1
INT0 . . . . . . . . . . . . . . . . .  ABSBIT   -----  BIT      00B2H  1
CY . . . . . . . . . . . . . . . . . .  ABSBIT   -----  BIT      00D7H  1
READ_I2C_RE_RECEIVE_ACK_STEP3. . . . .  E_CONST  -----  U_CHAR   -----  1
TI . . . . . . . . . . . . . . . . . .  ABSBIT   -----  BIT      0099H  1
INT1 . . . . . . . . . . . . . . . . .  ABSBIT   -----  BIT      00B3H  1
Uart . . . . . . . . . . . . . . . . .  PUBLIC   DATA   STRUCT   0004H  6
READ_I2C_EVENT_IDLE. . . . . . . . . .  E_CONST  -----  U_CHAR   -----  1
PIN_SDA. . . . . . . . . . . . . . . .  E_CONST  -----  U_CHAR   -----  1
RCAP2H . . . . . . . . . . . . . . . .  SFR      DATA   U_CHAR   00CBH  1
READ_I2C_WAIT_STEP1. . . . . . . . . .  E_CONST  -----  U_CHAR   -----  1
READ_I2C_RECEIVE_ACK_STEP1 . . . . . .  E_CONST  -----  U_CHAR   -----  1
PS . . . . . . . . . . . . . . . . . .  ABSBIT   -----  BIT      00BCH  1
SP . . . . . . . . . . . . . . . . . .  SFR      DATA   U_CHAR   0081H  1
READ_I2C_RECEIVE_ACK_STEP2 . . . . . .  E_CONST  -----  U_CHAR   -----  1
T2EX . . . . . . . . . . . . . . . . .  ABSBIT   -----  BIT      0091H  1
READ_I2C_RECEIVE_ACK_STEP3 . . . . . .  E_CONST  -----  U_CHAR   -----  1
OV . . . . . . . . . . . . . . . . . .  ABSBIT   -----  BIT      00D2H  1
Uart_Rx_Flag . . . . . . . . . . . . .  STATIC   DATA   BIT      0000H  1
RCAP2L . . . . . . . . . . . . . . . .  SFR      DATA   U_CHAR   00CAH  1
C_T2 . . . . . . . . . . . . . . . . .  ABSBIT   -----  BIT      00C9H  1
WR . . . . . . . . . . . . . . . . . .  ABSBIT   -----  BIT      00B6H  1
C51 COMPILER V9.60.7.0   UART                                                              05/28/2026 14:18:52 PAGE 7   

NAME                                    CLASS   MSPACE  TYPE    OFFSET  SIZE
====                                    =====   ======  ====    ======  ====


PIN_SCL. . . . . . . . . . . . . . . .  E_CONST  -----  U_CHAR   -----  1
READ_I2C_RE_STOP_STEP1 . . . . . . . .  E_CONST  -----  U_CHAR   -----  1
Pin_ID_TypeDef . . . . . . . . . . . .  TYPEDEF  -----  U_CHAR   -----  1
READ_I2C_RE_STOP_STEP2 . . . . . . . .  E_CONST  -----  U_CHAR   -----  1
RCLK . . . . . . . . . . . . . . . . .  ABSBIT   -----  BIT      00CDH  1
READ_I2C_RE_STOP_STEP3 . . . . . . . .  E_CONST  -----  U_CHAR   -----  1
TCLK . . . . . . . . . . . . . . . . .  ABSBIT   -----  BIT      00CCH  1
READ_I2C_EVENT_RE_RECEIVE_ACK. . . . .  E_CONST  -----  U_CHAR   -----  1
SBUF . . . . . . . . . . . . . . . . .  SFR      DATA   U_CHAR   0099H  1
PCON . . . . . . . . . . . . . . . . .  SFR      DATA   U_CHAR   0087H  1
UART_Init. . . . . . . . . . . . . . .  PUBLIC   CODE   PROC     0000H  -----
READ_I2C_STOP_STEP1. . . . . . . . . .  E_CONST  -----  U_CHAR   -----  1
SCON . . . . . . . . . . . . . . . . .  SFR      DATA   U_CHAR   0098H  1
READ_I2C_STOP_STEP2. . . . . . . . . .  E_CONST  -----  U_CHAR   -----  1
TMOD . . . . . . . . . . . . . . . . .  SFR      DATA   U_CHAR   0089H  1
TCON . . . . . . . . . . . . . . . . .  SFR      DATA   U_CHAR   0088H  1
Uart_Rx_Count. . . . . . . . . . . . .  STATIC   DATA   U_CHAR   000AH  1
READ_I2C_STOP_STEP3. . . . . . . . . .  E_CONST  -----  U_CHAR   -----  1
READ_I2C_EVENT_WAIT. . . . . . . . . .  E_CONST  -----  U_CHAR   -----  1
READ_I2C_EVENT_RECEIVE_ACK . . . . . .  E_CONST  -----  U_CHAR   -----  1
READ_I2C_IDLE. . . . . . . . . . . . .  E_CONST  -----  U_CHAR   -----  1
IE0. . . . . . . . . . . . . . . . . .  ABSBIT   -----  BIT      0089H  1
IE1. . . . . . . . . . . . . . . . . .  ABSBIT   -----  BIT      008BH  1
READ_I2C_EVENT_RE_STOP . . . . . . . .  E_CONST  -----  U_CHAR   -----  1
READ_I2C_EVENT_RECEIVE_CRC . . . . . .  E_CONST  -----  U_CHAR   -----  1
B. . . . . . . . . . . . . . . . . . .  SFR      DATA   U_CHAR   00F0H  1
CP_RL2 . . . . . . . . . . . . . . . .  ABSBIT   -----  BIT      00C8H  1
_UART_Send_Str . . . . . . . . . . . .  PUBLIC   CODE   PROC     0000H  -----
  str. . . . . . . . . . . . . . . . .  * REG *  DATA   PTR      0001H  3
  len. . . . . . . . . . . . . . . . .  * REG *  DATA   U_CHAR   0005H  1
READ_I2C_SEND_ACK_STEP0. . . . . . . .  E_CONST  -----  U_CHAR   -----  1
ACC. . . . . . . . . . . . . . . . . .  SFR      DATA   U_CHAR   00E0H  1
READ_I2C_SEND_ACK_STEP1. . . . . . . .  E_CONST  -----  U_CHAR   -----  1
READ_I2C_EVENT_STOP. . . . . . . . . .  E_CONST  -----  U_CHAR   -----  1
READ_I2C_SEND_ACK_STEP2. . . . . . . .  E_CONST  -----  U_CHAR   -----  1
ET0. . . . . . . . . . . . . . . . . .  ABSBIT   -----  BIT      00A9H  1
READ_I2C_EVENT_SEND_NACK_STEP. . . . .  E_CONST  -----  U_CHAR   -----  1
READ_I2C_SEND_ACK_STEP3. . . . . . . .  E_CONST  -----  U_CHAR   -----  1
ET1. . . . . . . . . . . . . . . . . .  ABSBIT   -----  BIT      00ABH  1
TF0. . . . . . . . . . . . . . . . . .  ABSBIT   -----  BIT      008DH  1
READ_I2C_SEND_ACK_STEP4. . . . . . . .  E_CONST  -----  U_CHAR   -----  1
ET2. . . . . . . . . . . . . . . . . .  ABSBIT   -----  BIT      00ADH  1
TF1. . . . . . . . . . . . . . . . . .  ABSBIT   -----  BIT      008FH  1
READ_I2C_SEND_ACK_STEP5. . . . . . . .  E_CONST  -----  U_CHAR   -----  1
TF2. . . . . . . . . . . . . . . . . .  ABSBIT   -----  BIT      00CFH  1
RB8. . . . . . . . . . . . . . . . . .  ABSBIT   -----  BIT      009AH  1
TH0. . . . . . . . . . . . . . . . . .  SFR      DATA   U_CHAR   008CH  1
UART_Isr . . . . . . . . . . . . . . .  PUBLIC   CODE   PROC     0000H  -----
EX0. . . . . . . . . . . . . . . . . .  ABSBIT   -----  BIT      00A8H  1
IT0. . . . . . . . . . . . . . . . . .  ABSBIT   -----  BIT      0088H  1
TH1. . . . . . . . . . . . . . . . . .  SFR      DATA   U_CHAR   008DH  1
TB8. . . . . . . . . . . . . . . . . .  ABSBIT   -----  BIT      009BH  1
EX1. . . . . . . . . . . . . . . . . .  ABSBIT   -----  BIT      00AAH  1
IT1. . . . . . . . . . . . . . . . . .  ABSBIT   -----  BIT      008AH  1
TH2. . . . . . . . . . . . . . . . . .  SFR      DATA   U_CHAR   00CDH  1
P. . . . . . . . . . . . . . . . . . .  ABSBIT   -----  BIT      00D0H  1
SM0. . . . . . . . . . . . . . . . . .  ABSBIT   -----  BIT      009FH  1
C51 COMPILER V9.60.7.0   UART                                                              05/28/2026 14:18:52 PAGE 8   

NAME                                    CLASS   MSPACE  TYPE    OFFSET  SIZE
====                                    =====   ======  ====    ======  ====


TL0. . . . . . . . . . . . . . . . . .  SFR      DATA   U_CHAR   008AH  1
SM1. . . . . . . . . . . . . . . . . .  ABSBIT   -----  BIT      009EH  1
TL1. . . . . . . . . . . . . . . . . .  SFR      DATA   U_CHAR   008BH  1
SM2. . . . . . . . . . . . . . . . . .  ABSBIT   -----  BIT      009DH  1
TL2. . . . . . . . . . . . . . . . . .  SFR      DATA   U_CHAR   00CCH  1
UART_TypeDef . . . . . . . . . . . . .  TYPEDEF  -----  STRUCT   -----  6
  Init . . . . . . . . . . . . . . . .  MEMBER   -----  PTR      0000H  3
  Send_Str . . . . . . . . . . . . . .  MEMBER   -----  PTR      0003H  3
PT0. . . . . . . . . . . . . . . . . .  ABSBIT   -----  BIT      00B9H  1
PT1. . . . . . . . . . . . . . . . . .  ABSBIT   -----  BIT      00BBH  1
RS0. . . . . . . . . . . . . . . . . .  ABSBIT   -----  BIT      00D3H  1
PT2. . . . . . . . . . . . . . . . . .  ABSBIT   -----  BIT      00BDH  1
TR0. . . . . . . . . . . . . . . . . .  ABSBIT   -----  BIT      008CH  1
RS1. . . . . . . . . . . . . . . . . .  ABSBIT   -----  BIT      00D4H  1
TR1. . . . . . . . . . . . . . . . . .  ABSBIT   -----  BIT      008EH  1
TR2. . . . . . . . . . . . . . . . . .  ABSBIT   -----  BIT      00CAH  1
PX0. . . . . . . . . . . . . . . . . .  ABSBIT   -----  BIT      00B8H  1
PX1. . . . . . . . . . . . . . . . . .  ABSBIT   -----  BIT      00BAH  1
DPH. . . . . . . . . . . . . . . . . .  SFR      DATA   U_CHAR   0083H  1
READ_I2C_EVENT_SEND_ACK. . . . . . . .  E_CONST  -----  U_CHAR   -----  1
UART_Init_Change . . . . . . . . . . .  STATIC   CODE   PROC     0000H  -----
Platform_UART_Init . . . . . . . . . .  EXTERN   CODE   PROC     -----  -----
DPL. . . . . . . . . . . . . . . . . .  SFR      DATA   U_CHAR   0082H  1
EXEN2. . . . . . . . . . . . . . . . .  ABSBIT   -----  BIT      00CBH  1
UART_Receive . . . . . . . . . . . . .  PUBLIC   CODE   PROC     0000H  -----
PIN_BEEP . . . . . . . . . . . . . . .  E_CONST  -----  U_CHAR   -----  1
REN. . . . . . . . . . . . . . . . . .  ABSBIT   -----  BIT      009CH  1
T2CON. . . . . . . . . . . . . . . . .  SFR      DATA   U_CHAR   00C8H  1
READ_I2C_RECEIVE_DATA_STEP0. . . . . .  E_CONST  -----  U_CHAR   -----  1
READ_I2C_RECEIVE_DATA_STEP1. . . . . .  E_CONST  -----  U_CHAR   -----  1
RXD. . . . . . . . . . . . . . . . . .  ABSBIT   -----  BIT      00B0H  1
_UART_Send_Str_Change. . . . . . . . .  STATIC   CODE   PROC     0000H  -----
  str. . . . . . . . . . . . . . . . .  * REG *  DATA   PTR      0001H  3
  len. . . . . . . . . . . . . . . . .  * REG *  DATA   U_CHAR   0005H  1
READ_I2C_RECEIVE_DATA_STEP2. . . . . .  E_CONST  -----  U_CHAR   -----  1
_Platform_UART_Send_Str. . . . . . . .  EXTERN   CODE   PROC     -----  -----
READ_I2C_RECEIVE_DATA_STEP3. . . . . .  E_CONST  -----  U_CHAR   -----  1
TXD. . . . . . . . . . . . . . . . . .  ABSBIT   -----  BIT      00B1H  1
READ_I2C_RE_START_STEP1. . . . . . . .  E_CONST  -----  U_CHAR   -----  1
READ_I2C_RE_START_STEP2. . . . . . . .  E_CONST  -----  U_CHAR   -----  1
F0 . . . . . . . . . . . . . . . . . .  ABSBIT   -----  BIT      00D5H  1
READ_I2C_RE_START_STEP3. . . . . . . .  E_CONST  -----  U_CHAR   -----  1
READ_I2C_RE_START_STEP4. . . . . . . .  E_CONST  -----  U_CHAR   -----  1
READ_I2C_RE_START_STEP5. . . . . . . .  E_CONST  -----  U_CHAR   -----  1
READ_I2C_RE_SEND_ADDRESS_STEP1 . . . .  E_CONST  -----  U_CHAR   -----  1
READ_I2C_RE_SEND_ADDRESS_STEP2 . . . .  E_CONST  -----  U_CHAR   -----  1
PSW. . . . . . . . . . . . . . . . . .  SFR      DATA   U_CHAR   00D0H  1
READ_I2C_RE_SEND_ADDRESS_STEP3 . . . .  E_CONST  -----  U_CHAR   -----  1
READ_I2C_RE_SEND_ADDRESS_STEP4 . . . .  E_CONST  -----  U_CHAR   -----  1
READ_I2C_START_STEP1 . . . . . . . . .  E_CONST  -----  U_CHAR   -----  1
READ_I2C_RE_SEND_ADDRESS_STEP5 . . . .  E_CONST  -----  U_CHAR   -----  1
READ_I2C_START_STEP2 . . . . . . . . .  E_CONST  -----  U_CHAR   -----  1


MODULE INFORMATION:   STATIC OVERLAYABLE
   CODE SIZE        =    107    ----
   CONSTANT SIZE    =   ----    ----
   XDATA SIZE       =   ----    ----
C51 COMPILER V9.60.7.0   UART                                                              05/28/2026 14:18:52 PAGE 9   

   PDATA SIZE       =   ----    ----
   DATA SIZE        =     11    ----
   IDATA SIZE       =   ----    ----
   BIT SIZE         =      1    ----
   EDATA SIZE       =   ----    ----
   HDATA SIZE       =   ----    ----
   XDATA CONST SIZE =   ----    ----
   FAR CONST SIZE   =   ----    ----
END OF MODULE INFORMATION.


C51 COMPILATION COMPLETE.  0 WARNING(S),  0 ERROR(S)
