C51 COMPILER V9.60.7.0   BEEP                                                              05/15/2026 13:13:21 PAGE 1   


C51 COMPILER V9.60.7.0, COMPILATION OF MODULE BEEP
OBJECT MODULE PLACED IN .\Objects\BEEP.obj
COMPILER INVOKED BY: E:\51\C51\BIN\C51.EXE BEEP.c OPTIMIZE(8,SPEED) BROWSE DEBUG OBJECTEXTEND PRINT(.\Listings\BEEP.lst)
                    - OBJECT(.\Objects\BEEP.obj)

line level    source

   1          #include "beep.h"
   2          
   3          static void Beep_On(void)
   4          {
   5   1          GPIO_Set(PIN_BEEP, 0);
   6   1      }
   7          
   8          static void Beep_Off(void)
   9          {
  10   1          GPIO_Set(PIN_BEEP, 1);
  11   1      }
  12          
  13          BEEP_TypeDef Beep =
  14          {
  15              Beep_On ,   Beep_Off 
  16          };
  17          
  18          void Beep_Init(void)
  19          {
  20   1        Beep.Off();
  21   1      }
  22          
  23          void Beep_SoundOnce(void)
  24          {
  25   1          Beep.On();
  26   1          delay_ms(3000);
*** WARNING C206 IN LINE 26 OF BEEP.c: 'delay_ms': missing function-prototype
*** ERROR C267 IN LINE 26 OF BEEP.c: 'delay_ms': requires ANSI-style prototype
  27   1          Beep.Off();
  28   1      }

C51 COMPILATION COMPLETE.  1 WARNING(S),  1 ERROR(S)
