C51 COMPILER V9.60.7.0   MAIN                                                              05/28/2026 14:18:55 PAGE 1   


C51 COMPILER V9.60.7.0, COMPILATION OF MODULE MAIN
OBJECT MODULE PLACED IN .\Objects\main.obj
COMPILER INVOKED BY: E:\51\C51\BIN\C51.EXE main.c OPTIMIZE(8,SPEED) BROWSE DEBUG OBJECTEXTEND PRINT(.\Listings\main.lst)
                    - OBJECT(.\Objects\main.obj)

line level    source

   1          #include"REG52.h"
   2          #include"PLATFORM.h"
   3          #include"UART.h"
   4          #include"AHT20.h"
   5          unsigned char adress[4]={0x70,0xAC,0x33,0x00};
   6          unsigned char re_adress[1]={0x71};
   7          unsigned char dat[7]={0x00,0x00,0x00,0x00,0x00,0x00,0x00};
   8          unsigned long last_time = 0 ;
   9          void main(void)
  10          {
  11   1      
  12   1           UART_Init();
  13   1           Timer0_SysTick_Init(); // 定时器0 模式1
  14   1           APPLICATION_Aht20_Standard_IIC_Read_Address(adress,re_adress,dat);
  15   1          while(1)
  16   1          {
  17   2              APPLICATION_Aht20_Standard_IIC_Read_Task() ;
  18   2              if(Platform_Aht20_Standard_IIC_Read_Complete_Flag())
  19   2              {
  20   3              UART_Send_Str(dat, 7);
  21   3              Platform_Aht20_Standard_IIC_Read_Complete_Flag_Clear();
  22   3              }
  23   2              if((time_get_us() - last_time) >= 100000) 
  24   2              {
  25   3                  APPLICATION_Aht20_Standard_IIC_Read_Address(adress,re_adress,dat);
  26   3                  last_time = time_get_us();
  27   3              }
  28   2              
  29   2          }
  30   1        
  31   1      }


MODULE INFORMATION:   STATIC OVERLAYABLE
   CODE SIZE        =    130    ----
   CONSTANT SIZE    =   ----    ----
   XDATA SIZE       =   ----    ----
   PDATA SIZE       =   ----    ----
   DATA SIZE        =     16    ----
   IDATA SIZE       =   ----    ----
   BIT SIZE         =   ----    ----
END OF MODULE INFORMATION.


C51 COMPILATION COMPLETE.  0 WARNING(S),  0 ERROR(S)
