C51 COMPILER V9.60.7.0   UART                                                              05/28/2026 14:18:55 PAGE 1   


C51 COMPILER V9.60.7.0, COMPILATION OF MODULE UART
OBJECT MODULE PLACED IN .\Objects\UART.obj
COMPILER INVOKED BY: E:\51\C51\BIN\C51.EXE UART.c OPTIMIZE(8,SPEED) BROWSE DEBUG OBJECTEXTEND PRINT(.\Listings\UART.lst)
                    - OBJECT(.\Objects\UART.obj)

line level    source

   1          #include "UART.h"
   2          
   3          static unsigned char Uart_Rx_Buffer[Uart_Rx_Buffer_Len];
   4          static unsigned char Uart_Rx_Count= 0 ;
   5          static bit Uart_Rx_Flag ;
   6          
   7          
   8          static void UART_Send_Str_Change(unsigned char *str, unsigned char len)
   9          {
  10   1          Platform_UART_Send_Str(str, len);
  11   1      }
  12          
  13          static void UART_Init_Change(void)
  14          {
  15   1          Platform_UART_Init();  // 只调用平台
  16   1      }
  17          
  18          UART_TypeDef Uart ={UART_Init_Change,UART_Send_Str_Change} ;
  19          
  20          void UART_Init()
  21          {
  22   1      Uart.Init();
  23   1      }
  24          
  25          
  26          void UART_Send_Str(unsigned char *str, unsigned char len)
  27          {
  28   1      Uart.Send_Str(str, len);
  29   1      }
  30          
  31          void UART_Isr(void) interrupt 4
  32          {
  33   1          if(RI)
  34   1          {
  35   2              RI = 0;
  36   2                       if(Uart_Rx_Count < Uart_Rx_Buffer_Len-1)
  37   2              {
  38   3                  Uart_Rx_Buffer[Uart_Rx_Count++] = SBUF;
  39   3              }
  40   2              Uart_Rx_Flag = 1 ;
  41   2          }
  42   1              
  43   1      }
  44          
  45          
  46          unsigned char* UART_Receive()
  47          {
  48   1          if(Uart_Rx_Flag)
  49   1          {
  50   2                  Uart_Rx_Buffer[Uart_Rx_Count] = '\0'; // '\0'=0x00 
  51   2              return Uart_Rx_Buffer;
  52   2          }
  53   1          return 0;
  54   1      }
C51 COMPILER V9.60.7.0   UART                                                              05/28/2026 14:18:55 PAGE 2   

  55          
  56          void UART_Clear(void)
  57          {
  58   1              unsigned char i ;
  59   1          Uart_Rx_Flag = 0;
  60   1          Uart_Rx_Count = 0;
  61   1                for(i=0; i<Uart_Rx_Buffer_Len; i++)
  62   1          {
  63   2              Uart_Rx_Buffer[i] = 0;
  64   2          }
  65   1      }


MODULE INFORMATION:   STATIC OVERLAYABLE
   CODE SIZE        =    104    ----
   CONSTANT SIZE    =   ----    ----
   XDATA SIZE       =   ----    ----
   PDATA SIZE       =   ----    ----
   DATA SIZE        =     11    ----
   IDATA SIZE       =   ----    ----
   BIT SIZE         =      1    ----
END OF MODULE INFORMATION.


C51 COMPILATION COMPLETE.  0 WARNING(S),  0 ERROR(S)
